This is pdfTeX, Version 3.141592653-2.6-1.40.23 (TeX Live 2021) (preloaded format=pdflatex 2022.2.18)  21 NOV 2022 12:26
entering extended mode
 restricted \write18 enabled.
 %&-line parsing enabled.
**2022-slides-AI_for_everyone.tex
(./2022-slides-AI_for_everyone.tex
LaTeX2e <2021-11-15> patch level 1
L3 programming layer <2022-02-05>
(/usr/local/texlive/2021/texmf-dist/tex/latex/beamer/beamer.cls
Document Class: beamer 2022/02/08 v3.66 A class for typesetting presentations
(/usr/local/texlive/2021/texmf-dist/tex/latex/beamer/beamerbasemodes.sty
(/usr/local/texlive/2021/texmf-dist/tex/latex/etoolbox/etoolbox.sty
Package: etoolbox 2020/10/05 v2.5k e-TeX tools for LaTeX (JAW)
\etb@tempcnta=\count185
)
\beamer@tempbox=\box50
\beamer@tempcount=\count186
\c@beamerpauses=\count187

(/usr/local/texlive/2021/texmf-dist/tex/latex/beamer/beamerbasedecode.sty
\beamer@slideinframe=\count188
\beamer@minimum=\count189
\beamer@decode@box=\box51
)
\beamer@commentbox=\box52
\beamer@modecount=\count190
)
(/usr/local/texlive/2021/texmf-dist/tex/generic/iftex/iftex.sty
Package: iftex 2022/02/03 v1.0f TeX engine tests
)
\headdp=\dimen138
\footheight=\dimen139
\sidebarheight=\dimen140
\beamer@tempdim=\dimen141
\beamer@finalheight=\dimen142
\beamer@animht=\dimen143
\beamer@animdp=\dimen144
\beamer@animwd=\dimen145
\beamer@leftmargin=\dimen146
\beamer@rightmargin=\dimen147
\beamer@leftsidebar=\dimen148
\beamer@rightsidebar=\dimen149
\beamer@boxsize=\dimen150
\beamer@vboxoffset=\dimen151
\beamer@descdefault=\dimen152
\beamer@descriptionwidth=\dimen153
\beamer@lastskip=\skip47
\beamer@areabox=\box53
\beamer@animcurrent=\box54
\beamer@animshowbox=\box55
\beamer@sectionbox=\box56
\beamer@logobox=\box57
\beamer@linebox=\box58
\beamer@sectioncount=\count191
\beamer@subsubsectionmax=\count192
\beamer@subsectionmax=\count193
\beamer@sectionmax=\count194
\beamer@totalheads=\count195
\beamer@headcounter=\count196
\beamer@partstartpage=\count197
\beamer@sectionstartpage=\count198
\beamer@subsectionstartpage=\count199
\beamer@animationtempa=\count266
\beamer@animationtempb=\count267
\beamer@xpos=\count268
\beamer@ypos=\count269
\beamer@ypos@offset=\count270
\beamer@showpartnumber=\count271
\beamer@currentsubsection=\count272
\beamer@coveringdepth=\count273
\beamer@sectionadjust=\count274
\beamer@toclastsection=\count275
\beamer@tocsectionnumber=\count276

(/usr/local/texlive/2021/texmf-dist/tex/latex/beamer/beamerbaseoptions.sty
(/usr/local/texlive/2021/texmf-dist/tex/latex/graphics/keyval.sty
Package: keyval 2014/10/28 v1.15 key=value parser (DPC)
\KV@toks@=\toks16
))
\beamer@paperwidth=\skip48
\beamer@paperheight=\skip49

(/usr/local/texlive/2021/texmf-dist/tex/latex/geometry/geometry.sty
Package: geometry 2020/01/02 v5.9 Page Geometry

(/usr/local/texlive/2021/texmf-dist/tex/generic/iftex/ifvtex.sty
Package: ifvtex 2019/10/25 v1.7 ifvtex legacy package. Use iftex instead.
)
\Gm@cnth=\count277
\Gm@cntv=\count278
\c@Gm@tempcnt=\count279
\Gm@bindingoffset=\dimen154
\Gm@wd@mp=\dimen155
\Gm@odd@mp=\dimen156
\Gm@even@mp=\dimen157
\Gm@layoutwidth=\dimen158
\Gm@layoutheight=\dimen159
\Gm@layouthoffset=\dimen160
\Gm@layoutvoffset=\dimen161
\Gm@dimlist=\toks17
)
(/usr/local/texlive/2021/texmf-dist/tex/latex/pgf/math/pgfmath.sty
(/usr/local/texlive/2021/texmf-dist/tex/latex/pgf/utilities/pgfrcs.sty
(/usr/local/texlive/2021/texmf-dist/tex/generic/pgf/utilities/pgfutil-common.te
x
\pgfutil@everybye=\toks18
\pgfutil@tempdima=\dimen162
\pgfutil@tempdimb=\dimen163

(/usr/local/texlive/2021/texmf-dist/tex/generic/pgf/utilities/pgfutil-common-li
sts.tex))
(/usr/local/texlive/2021/texmf-dist/tex/generic/pgf/utilities/pgfutil-latex.def
\pgfutil@abb=\box59
) (/usr/local/texlive/2021/texmf-dist/tex/generic/pgf/utilities/pgfrcs.code.tex
(/usr/local/texlive/2021/texmf-dist/tex/generic/pgf/pgf.revision.tex)
Package: pgfrcs 2021/05/15 v3.1.9a (3.1.9a)
))
(/usr/local/texlive/2021/texmf-dist/tex/latex/pgf/utilities/pgfkeys.sty
(/usr/local/texlive/2021/texmf-dist/tex/generic/pgf/utilities/pgfkeys.code.tex
\pgfkeys@pathtoks=\toks19
\pgfkeys@temptoks=\toks20

(/usr/local/texlive/2021/texmf-dist/tex/generic/pgf/utilities/pgfkeysfiltered.c
ode.tex
\pgfkeys@tmptoks=\toks21
)))
(/usr/local/texlive/2021/texmf-dist/tex/generic/pgf/math/pgfmath.code.tex
(/usr/local/texlive/2021/texmf-dist/tex/generic/pgf/math/pgfmathcalc.code.tex
(/usr/local/texlive/2021/texmf-dist/tex/generic/pgf/math/pgfmathutil.code.tex
\pgf@x=\dimen164
\pgf@xa=\dimen165
\pgf@xb=\dimen166
\pgf@xc=\dimen167
\pgf@y=\dimen168
\pgf@ya=\dimen169
\pgf@yb=\dimen170
\pgf@yc=\dimen171
\c@pgf@counta=\count280
\c@pgf@countb=\count281
\c@pgf@countc=\count282
\c@pgf@countd=\count283
)
(/usr/local/texlive/2021/texmf-dist/tex/generic/pgf/math/pgfmathparser.code.tex
\pgfmath@dimen=\dimen172
\pgfmath@count=\count284
\pgfmath@box=\box60
\pgfmath@toks=\toks22
\pgfmath@stack@operand=\toks23
\pgfmath@stack@operation=\toks24
)
(/usr/local/texlive/2021/texmf-dist/tex/generic/pgf/math/pgfmathfunctions.code.
tex
(/usr/local/texlive/2021/texmf-dist/tex/generic/pgf/math/pgfmathfunctions.basic
.code.tex)
(/usr/local/texlive/2021/texmf-dist/tex/generic/pgf/math/pgfmathfunctions.trigo
nometric.code.tex)
(/usr/local/texlive/2021/texmf-dist/tex/generic/pgf/math/pgfmathfunctions.rando
m.code.tex)
(/usr/local/texlive/2021/texmf-dist/tex/generic/pgf/math/pgfmathfunctions.compa
rison.code.tex)
(/usr/local/texlive/2021/texmf-dist/tex/generic/pgf/math/pgfmathfunctions.base.
code.tex)
(/usr/local/texlive/2021/texmf-dist/tex/generic/pgf/math/pgfmathfunctions.round
.code.tex)
(/usr/local/texlive/2021/texmf-dist/tex/generic/pgf/math/pgfmathfunctions.misc.
code.tex)
(/usr/local/texlive/2021/texmf-dist/tex/generic/pgf/math/pgfmathfunctions.integ
erarithmetics.code.tex)))
(/usr/local/texlive/2021/texmf-dist/tex/generic/pgf/math/pgfmathfloat.code.tex
\c@pgfmathroundto@lastzeros=\count285
))) (/usr/local/texlive/2021/texmf-dist/tex/latex/base/size11.clo
File: size11.clo 2021/10/04 v1.4n Standard LaTeX file (size option)
)
(/usr/local/texlive/2021/texmf-dist/tex/latex/pgf/basiclayer/pgfcore.sty
(/usr/local/texlive/2021/texmf-dist/tex/latex/graphics/graphicx.sty
Package: graphicx 2021/09/16 v1.2d Enhanced LaTeX Graphics (DPC,SPQR)

(/usr/local/texlive/2021/texmf-dist/tex/latex/graphics/graphics.sty
Package: graphics 2021/03/04 v1.4d Standard LaTeX Graphics (DPC,SPQR)

(/usr/local/texlive/2021/texmf-dist/tex/latex/graphics/trig.sty
Package: trig 2021/08/11 v1.11 sin cos tan (DPC)
)
(/usr/local/texlive/2021/texmf-dist/tex/latex/graphics-cfg/graphics.cfg
File: graphics.cfg 2016/06/04 v1.11 sample graphics configuration
)
Package graphics Info: Driver file: pdftex.def on input line 107.

(/usr/local/texlive/2021/texmf-dist/tex/latex/graphics-def/pdftex.def
File: pdftex.def 2020/10/05 v1.2a Graphics/color driver for pdftex
))
\Gin@req@height=\dimen173
\Gin@req@width=\dimen174
)
(/usr/local/texlive/2021/texmf-dist/tex/latex/pgf/systemlayer/pgfsys.sty
(/usr/local/texlive/2021/texmf-dist/tex/generic/pgf/systemlayer/pgfsys.code.tex
Package: pgfsys 2021/05/15 v3.1.9a (3.1.9a)
(/usr/local/texlive/2021/texmf-dist/tex/generic/pgf/utilities/pgfkeys.code.tex)
\pgf@x=\dimen175
\pgf@y=\dimen176
\pgf@xa=\dimen177
\pgf@ya=\dimen178
\pgf@xb=\dimen179
\pgf@yb=\dimen180
\pgf@xc=\dimen181
\pgf@yc=\dimen182
\pgf@xd=\dimen183
\pgf@yd=\dimen184
\w@pgf@writea=\write3
\r@pgf@reada=\read2
\c@pgf@counta=\count286
\c@pgf@countb=\count287
\c@pgf@countc=\count288
\c@pgf@countd=\count289
\t@pgf@toka=\toks25
\t@pgf@tokb=\toks26
\t@pgf@tokc=\toks27
\pgf@sys@id@count=\count290
(/usr/local/texlive/2021/texmf-dist/tex/generic/pgf/systemlayer/pgf.cfg
File: pgf.cfg 2021/05/15 v3.1.9a (3.1.9a)
)
Driver file for pgf: pgfsys-pdftex.def

(/usr/local/texlive/2021/texmf-dist/tex/generic/pgf/systemlayer/pgfsys-pdftex.d
ef
File: pgfsys-pdftex.def 2021/05/15 v3.1.9a (3.1.9a)

(/usr/local/texlive/2021/texmf-dist/tex/generic/pgf/systemlayer/pgfsys-common-p
df.def
File: pgfsys-common-pdf.def 2021/05/15 v3.1.9a (3.1.9a)
)))
(/usr/local/texlive/2021/texmf-dist/tex/generic/pgf/systemlayer/pgfsyssoftpath.
code.tex
File: pgfsyssoftpath.code.tex 2021/05/15 v3.1.9a (3.1.9a)
\pgfsyssoftpath@smallbuffer@items=\count291
\pgfsyssoftpath@bigbuffer@items=\count292
)
(/usr/local/texlive/2021/texmf-dist/tex/generic/pgf/systemlayer/pgfsysprotocol.
code.tex
File: pgfsysprotocol.code.tex 2021/05/15 v3.1.9a (3.1.9a)
)) (/usr/local/texlive/2021/texmf-dist/tex/latex/xcolor/xcolor.sty
Package: xcolor 2021/10/31 v2.13 LaTeX color extensions (UK)

(/usr/local/texlive/2021/texmf-dist/tex/latex/graphics-cfg/color.cfg
File: color.cfg 2016/01/02 v1.6 sample color configuration
)
Package xcolor Info: Driver file: pdftex.def on input line 227.
Package xcolor Info: Model `cmy' substituted by `cmy0' on input line 1352.
Package xcolor Info: Model `hsb' substituted by `rgb' on input line 1356.
Package xcolor Info: Model `RGB' extended on input line 1368.
Package xcolor Info: Model `HTML' substituted by `rgb' on input line 1370.
Package xcolor Info: Model `Hsb' substituted by `hsb' on input line 1371.
Package xcolor Info: Model `tHsb' substituted by `hsb' on input line 1372.
Package xcolor Info: Model `HSB' substituted by `hsb' on input line 1373.
Package xcolor Info: Model `Gray' substituted by `gray' on input line 1374.
Package xcolor Info: Model `wave' substituted by `hsb' on input line 1375.
)
(/usr/local/texlive/2021/texmf-dist/tex/generic/pgf/basiclayer/pgfcore.code.tex
Package: pgfcore 2021/05/15 v3.1.9a (3.1.9a)
(/usr/local/texlive/2021/texmf-dist/tex/generic/pgf/math/pgfmath.code.tex)
(/usr/local/texlive/2021/texmf-dist/tex/generic/pgf/math/pgfint.code.tex)
(/usr/local/texlive/2021/texmf-dist/tex/generic/pgf/basiclayer/pgfcorepoints.co
de.tex
File: pgfcorepoints.code.tex 2021/05/15 v3.1.9a (3.1.9a)
\pgf@picminx=\dimen185
\pgf@picmaxx=\dimen186
\pgf@picminy=\dimen187
\pgf@picmaxy=\dimen188
\pgf@pathminx=\dimen189
\pgf@pathmaxx=\dimen190
\pgf@pathminy=\dimen191
\pgf@pathmaxy=\dimen192
\pgf@xx=\dimen193
\pgf@xy=\dimen194
\pgf@yx=\dimen195
\pgf@yy=\dimen196
\pgf@zx=\dimen197
\pgf@zy=\dimen198
)
(/usr/local/texlive/2021/texmf-dist/tex/generic/pgf/basiclayer/pgfcorepathconst
ruct.code.tex
File: pgfcorepathconstruct.code.tex 2021/05/15 v3.1.9a (3.1.9a)
\pgf@path@lastx=\dimen199
\pgf@path@lasty=\dimen256
)
(/usr/local/texlive/2021/texmf-dist/tex/generic/pgf/basiclayer/pgfcorepathusage
.code.tex
File: pgfcorepathusage.code.tex 2021/05/15 v3.1.9a (3.1.9a)
\pgf@shorten@end@additional=\dimen257
\pgf@shorten@start@additional=\dimen258
)
(/usr/local/texlive/2021/texmf-dist/tex/generic/pgf/basiclayer/pgfcorescopes.co
de.tex
File: pgfcorescopes.code.tex 2021/05/15 v3.1.9a (3.1.9a)
\pgfpic=\box61
\pgf@hbox=\box62
\pgf@layerbox@main=\box63
\pgf@picture@serial@count=\count293
)
(/usr/local/texlive/2021/texmf-dist/tex/generic/pgf/basiclayer/pgfcoregraphicst
ate.code.tex
File: pgfcoregraphicstate.code.tex 2021/05/15 v3.1.9a (3.1.9a)
\pgflinewidth=\dimen259
)
(/usr/local/texlive/2021/texmf-dist/tex/generic/pgf/basiclayer/pgfcoretransform
ations.code.tex
File: pgfcoretransformations.code.tex 2021/05/15 v3.1.9a (3.1.9a)
\pgf@pt@x=\dimen260
\pgf@pt@y=\dimen261
\pgf@pt@temp=\dimen262
)
(/usr/local/texlive/2021/texmf-dist/tex/generic/pgf/basiclayer/pgfcorequick.cod
e.tex
File: pgfcorequick.code.tex 2021/05/15 v3.1.9a (3.1.9a)
)
(/usr/local/texlive/2021/texmf-dist/tex/generic/pgf/basiclayer/pgfcoreobjects.c
ode.tex
File: pgfcoreobjects.code.tex 2021/05/15 v3.1.9a (3.1.9a)
)
(/usr/local/texlive/2021/texmf-dist/tex/generic/pgf/basiclayer/pgfcorepathproce
ssing.code.tex
File: pgfcorepathprocessing.code.tex 2021/05/15 v3.1.9a (3.1.9a)
)
(/usr/local/texlive/2021/texmf-dist/tex/generic/pgf/basiclayer/pgfcorearrows.co
de.tex
File: pgfcorearrows.code.tex 2021/05/15 v3.1.9a (3.1.9a)
\pgfarrowsep=\dimen263
)
(/usr/local/texlive/2021/texmf-dist/tex/generic/pgf/basiclayer/pgfcoreshade.cod
e.tex
File: pgfcoreshade.code.tex 2021/05/15 v3.1.9a (3.1.9a)
\pgf@max=\dimen264
\pgf@sys@shading@range@num=\count294
\pgf@shadingcount=\count295
)
(/usr/local/texlive/2021/texmf-dist/tex/generic/pgf/basiclayer/pgfcoreimage.cod
e.tex
File: pgfcoreimage.code.tex 2021/05/15 v3.1.9a (3.1.9a)

(/usr/local/texlive/2021/texmf-dist/tex/generic/pgf/basiclayer/pgfcoreexternal.
code.tex
File: pgfcoreexternal.code.tex 2021/05/15 v3.1.9a (3.1.9a)
\pgfexternal@startupbox=\box64
))
(/usr/local/texlive/2021/texmf-dist/tex/generic/pgf/basiclayer/pgfcorelayers.co
de.tex
File: pgfcorelayers.code.tex 2021/05/15 v3.1.9a (3.1.9a)
)
(/usr/local/texlive/2021/texmf-dist/tex/generic/pgf/basiclayer/pgfcoretranspare
ncy.code.tex
File: pgfcoretransparency.code.tex 2021/05/15 v3.1.9a (3.1.9a)
)
(/usr/local/texlive/2021/texmf-dist/tex/generic/pgf/basiclayer/pgfcorepatterns.
code.tex
File: pgfcorepatterns.code.tex 2021/05/15 v3.1.9a (3.1.9a)
)
(/usr/local/texlive/2021/texmf-dist/tex/generic/pgf/basiclayer/pgfcorerdf.code.
tex
File: pgfcorerdf.code.tex 2021/05/15 v3.1.9a (3.1.9a)
))) (/usr/local/texlive/2021/texmf-dist/tex/latex/pgf/utilities/xxcolor.sty
Package: xxcolor 2003/10/24 ver 0.1
\XC@nummixins=\count296
\XC@countmixins=\count297
) (/usr/local/texlive/2021/texmf-dist/tex/latex/base/atbegshi-ltx.sty
Package: atbegshi-ltx 2021/01/10 v1.0c Emulation of the original atbegshi
package with kernel methods
)
(/usr/local/texlive/2021/texmf-dist/tex/latex/hyperref/hyperref.sty
Package: hyperref 2021-06-07 v7.00m Hypertext links for LaTeX

(/usr/local/texlive/2021/texmf-dist/tex/generic/ltxcmds/ltxcmds.sty
Package: ltxcmds 2020-05-10 v1.25 LaTeX kernel commands for general use (HO)
)
(/usr/local/texlive/2021/texmf-dist/tex/generic/pdftexcmds/pdftexcmds.sty
Package: pdftexcmds 2020-06-27 v0.33 Utility functions of pdfTeX for LuaTeX (HO
)

(/usr/local/texlive/2021/texmf-dist/tex/generic/infwarerr/infwarerr.sty
Package: infwarerr 2019/12/03 v1.5 Providing info/warning/error messages (HO)
)
Package pdftexcmds Info: \pdf@primitive is available.
Package pdftexcmds Info: \pdf@ifprimitive is available.
Package pdftexcmds Info: \pdfdraftmode found.
)
(/usr/local/texlive/2021/texmf-dist/tex/generic/kvsetkeys/kvsetkeys.sty
Package: kvsetkeys 2019/12/15 v1.18 Key value parser (HO)
)
(/usr/local/texlive/2021/texmf-dist/tex/generic/kvdefinekeys/kvdefinekeys.sty
Package: kvdefinekeys 2019-12-19 v1.6 Define keys (HO)
)
(/usr/local/texlive/2021/texmf-dist/tex/generic/pdfescape/pdfescape.sty
Package: pdfescape 2019/12/09 v1.15 Implements pdfTeX's escape features (HO)
)
(/usr/local/texlive/2021/texmf-dist/tex/latex/hycolor/hycolor.sty
Package: hycolor 2020-01-27 v1.10 Color options for hyperref/bookmark (HO)
)
(/usr/local/texlive/2021/texmf-dist/tex/latex/letltxmacro/letltxmacro.sty
Package: letltxmacro 2019/12/03 v1.6 Let assignment for LaTeX macros (HO)
)
(/usr/local/texlive/2021/texmf-dist/tex/latex/auxhook/auxhook.sty
Package: auxhook 2019-12-17 v1.6 Hooks for auxiliary files (HO)
)
(/usr/local/texlive/2021/texmf-dist/tex/latex/kvoptions/kvoptions.sty
Package: kvoptions 2020-10-07 v3.14 Key value format for package options (HO)
)
\@linkdim=\dimen265
\Hy@linkcounter=\count298
\Hy@pagecounter=\count299

(/usr/local/texlive/2021/texmf-dist/tex/latex/hyperref/pd1enc.def
File: pd1enc.def 2021-06-07 v7.00m Hyperref: PDFDocEncoding definition (HO)
Now handling font encoding PD1 ...
... no UTF-8 mapping file for font encoding PD1
)
(/usr/local/texlive/2021/texmf-dist/tex/latex/hyperref/hyperref-langpatches.def
File: hyperref-langpatches.def 2021-06-07 v7.00m Hyperref: patches for babel la
nguages
) (/usr/local/texlive/2021/texmf-dist/tex/generic/intcalc/intcalc.sty
Package: intcalc 2019/12/15 v1.3 Expandable calculations with integers (HO)
)
(/usr/local/texlive/2021/texmf-dist/tex/generic/etexcmds/etexcmds.sty
Package: etexcmds 2019/12/15 v1.7 Avoid name clashes with e-TeX commands (HO)
)
\Hy@SavedSpaceFactor=\count300

(/usr/local/texlive/2021/texmf-dist/tex/latex/hyperref/puenc.def
File: puenc.def 2021-06-07 v7.00m Hyperref: PDF Unicode definition (HO)
Now handling font encoding PU ...
... no UTF-8 mapping file for font encoding PU
)
Package hyperref Info: Option `bookmarks' set `true' on input line 4073.
Package hyperref Info: Option `bookmarksopen' set `true' on input line 4073.
Package hyperref Info: Option `implicit' set `false' on input line 4073.
Package hyperref Info: Hyper figures OFF on input line 4192.
Package hyperref Info: Link nesting OFF on input line 4197.
Package hyperref Info: Hyper index ON on input line 4200.
Package hyperref Info: Plain pages OFF on input line 4207.
Package hyperref Info: Backreferencing OFF on input line 4212.
Package hyperref Info: Implicit mode OFF; no redefinition of LaTeX internals.
Package hyperref Info: Bookmarks ON on input line 4445.
\c@Hy@tempcnt=\count301

(/usr/local/texlive/2021/texmf-dist/tex/latex/url/url.sty
\Urlmuskip=\muskip16
Package: url 2013/09/16  ver 3.4  Verb mode for urls, etc.
)
LaTeX Info: Redefining \url on input line 4804.
\XeTeXLinkMargin=\dimen266

(/usr/local/texlive/2021/texmf-dist/tex/generic/bitset/bitset.sty
Package: bitset 2019/12/09 v1.3 Handle bit-vector datatype (HO)

(/usr/local/texlive/2021/texmf-dist/tex/generic/bigintcalc/bigintcalc.sty
Package: bigintcalc 2019/12/15 v1.5 Expandable calculations on big integers (HO
)
))
\Fld@menulength=\count302
\Field@Width=\dimen267
\Fld@charsize=\dimen268
Package hyperref Info: Hyper figures OFF on input line 6076.
Package hyperref Info: Link nesting OFF on input line 6081.
Package hyperref Info: Hyper index ON on input line 6084.
Package hyperref Info: backreferencing OFF on input line 6091.
Package hyperref Info: Link coloring OFF on input line 6096.
Package hyperref Info: Link coloring with OCG OFF on input line 6101.
Package hyperref Info: PDF/A mode OFF on input line 6106.
LaTeX Info: Redefining \ref on input line 6146.
LaTeX Info: Redefining \pageref on input line 6150.
\Hy@abspage=\count303


Package hyperref Message: Stopped early.

)
Package hyperref Info: Driver (autodetected): hpdftex.
 (/usr/local/texlive/2021/texmf-dist/tex/latex/hyperref/hpdftex.def
File: hpdftex.def 2021-06-07 v7.00m Hyperref driver for pdfTeX

(/usr/local/texlive/2021/texmf-dist/tex/latex/base/atveryend-ltx.sty
Package: atveryend-ltx 2020/08/19 v1.0a Emulation of the original atveryend pac
kage
with kernel methods
)
\Fld@listcount=\count304
\c@bookmark@seq@number=\count305

(/usr/local/texlive/2021/texmf-dist/tex/latex/rerunfilecheck/rerunfilecheck.sty
Package: rerunfilecheck 2019/12/05 v1.9 Rerun checks for auxiliary files (HO)

(/usr/local/texlive/2021/texmf-dist/tex/generic/uniquecounter/uniquecounter.sty
Package: uniquecounter 2019/12/15 v1.4 Provide unlimited unique counter (HO)
)
Package uniquecounter Info: New unique counter `rerunfilecheck' on input line 2
86.
)) (/usr/local/texlive/2021/texmf-dist/tex/latex/beamer/beamerbaserequires.sty
(/usr/local/texlive/2021/texmf-dist/tex/latex/beamer/beamerbasecompatibility.st
y) (/usr/local/texlive/2021/texmf-dist/tex/latex/beamer/beamerbasefont.sty
(/usr/local/texlive/2021/texmf-dist/tex/latex/amsfonts/amssymb.sty
Package: amssymb 2013/01/14 v3.01 AMS font symbols

(/usr/local/texlive/2021/texmf-dist/tex/latex/amsfonts/amsfonts.sty
Package: amsfonts 2013/01/14 v3.01 Basic AMSFonts support
\@emptytoks=\toks28
\symAMSa=\mathgroup4
\symAMSb=\mathgroup5
LaTeX Font Info:    Redeclaring math symbol \hbar on input line 98.
LaTeX Font Info:    Overwriting math alphabet `\mathfrak' in version `bold'
(Font)                  U/euf/m/n --> U/euf/b/n on input line 106.
))
(/usr/local/texlive/2021/texmf-dist/tex/latex/sansmathaccent/sansmathaccent.sty
Package: sansmathaccent 2020/01/31
(/usr/local/texlive/2021/texmf-dist/tex/latex/koma-script/scrlfile.sty
Package: scrlfile 2021/11/13 v3.35 KOMA-Script package (file load hooks)

(/usr/local/texlive/2021/texmf-dist/tex/latex/koma-script/scrlfile-hook.sty
Package: scrlfile-hook 2021/11/13 v3.35 KOMA-Script package (using LaTeX hooks)


(/usr/local/texlive/2021/texmf-dist/tex/latex/koma-script/scrlogo.sty
Package: scrlogo 2021/11/13 v3.35 KOMA-Script package (logo)
)))))
(/usr/local/texlive/2021/texmf-dist/tex/latex/beamer/beamerbasetranslator.sty
(/usr/local/texlive/2021/texmf-dist/tex/latex/translator/translator.sty
Package: translator 2021-05-31 v1.12d Easy translation of strings in LaTeX
))
(/usr/local/texlive/2021/texmf-dist/tex/latex/beamer/beamerbasemisc.sty)
(/usr/local/texlive/2021/texmf-dist/tex/latex/beamer/beamerbasetwoscreens.sty)
(/usr/local/texlive/2021/texmf-dist/tex/latex/beamer/beamerbaseoverlay.sty
\beamer@argscount=\count306
\beamer@lastskipcover=\skip50
\beamer@trivlistdepth=\count307
)
(/usr/local/texlive/2021/texmf-dist/tex/latex/beamer/beamerbasetitle.sty)
(/usr/local/texlive/2021/texmf-dist/tex/latex/beamer/beamerbasesection.sty
\c@lecture=\count308
\c@part=\count309
\c@section=\count310
\c@subsection=\count311
\c@subsubsection=\count312
)
(/usr/local/texlive/2021/texmf-dist/tex/latex/beamer/beamerbaseframe.sty
\beamer@framebox=\box65
\beamer@frametitlebox=\box66
\beamer@zoombox=\box67
\beamer@zoomcount=\count313
\beamer@zoomframecount=\count314
\beamer@frametextheight=\dimen269
\c@subsectionslide=\count315
\beamer@frametopskip=\skip51
\beamer@framebottomskip=\skip52
\beamer@frametopskipautobreak=\skip53
\beamer@framebottomskipautobreak=\skip54
\beamer@envbody=\toks29
\framewidth=\dimen270
\c@framenumber=\count316
)
(/usr/local/texlive/2021/texmf-dist/tex/latex/beamer/beamerbaseverbatim.sty
\beamer@verbatimfileout=\write4
)
(/usr/local/texlive/2021/texmf-dist/tex/latex/beamer/beamerbaseframesize.sty
\beamer@splitbox=\box68
\beamer@autobreakcount=\count317
\beamer@autobreaklastheight=\dimen271
\beamer@frametitletoks=\toks30
\beamer@framesubtitletoks=\toks31
)
(/usr/local/texlive/2021/texmf-dist/tex/latex/beamer/beamerbaseframecomponents.
sty
\beamer@footins=\box69
) (/usr/local/texlive/2021/texmf-dist/tex/latex/beamer/beamerbasecolor.sty)
(/usr/local/texlive/2021/texmf-dist/tex/latex/beamer/beamerbasenotes.sty
\beamer@frameboxcopy=\box70
)
(/usr/local/texlive/2021/texmf-dist/tex/latex/beamer/beamerbasetoc.sty)
(/usr/local/texlive/2021/texmf-dist/tex/latex/beamer/beamerbasetemplates.sty
\beamer@sbttoks=\toks32

(/usr/local/texlive/2021/texmf-dist/tex/latex/beamer/beamerbaseauxtemplates.sty
(/usr/local/texlive/2021/texmf-dist/tex/latex/beamer/beamerbaseboxes.sty
\bmb@box=\box71
\bmb@colorbox=\box72
\bmb@boxwidth=\dimen272
\bmb@boxheight=\dimen273
\bmb@prevheight=\dimen274
\bmb@temp=\dimen275
\bmb@dima=\dimen276
\bmb@dimb=\dimen277
\bmb@prevheight=\dimen278
)
\beamer@blockheadheight=\dimen279
))
(/usr/local/texlive/2021/texmf-dist/tex/latex/beamer/beamerbaselocalstructure.s
ty (/usr/local/texlive/2021/texmf-dist/tex/latex/tools/enumerate.sty
Package: enumerate 2015/07/23 v3.00 enumerate extensions (DPC)
\@enLab=\toks33
)
\beamer@bibiconwidth=\skip55
\c@figure=\count318
\c@table=\count319
\abovecaptionskip=\skip56
\belowcaptionskip=\skip57
)
(/usr/local/texlive/2021/texmf-dist/tex/latex/beamer/beamerbasenavigation.sty
\beamer@section@min@dim=\dimen280
)
(/usr/local/texlive/2021/texmf-dist/tex/latex/beamer/beamerbasetheorems.sty
(/usr/local/texlive/2021/texmf-dist/tex/latex/amsmath/amsmath.sty
Package: amsmath 2021/10/15 v2.17l AMS math features
\@mathmargin=\skip58

For additional information on amsmath, use the `?' option.
(/usr/local/texlive/2021/texmf-dist/tex/latex/amsmath/amstext.sty
Package: amstext 2021/08/26 v2.01 AMS text

(/usr/local/texlive/2021/texmf-dist/tex/latex/amsmath/amsgen.sty
File: amsgen.sty 1999/11/30 v2.0 generic functions
\@emptytoks=\toks34
\ex@=\dimen281
))
(/usr/local/texlive/2021/texmf-dist/tex/latex/amsmath/amsbsy.sty
Package: amsbsy 1999/11/29 v1.2d Bold Symbols
\pmbraise@=\dimen282
)
(/usr/local/texlive/2021/texmf-dist/tex/latex/amsmath/amsopn.sty
Package: amsopn 2021/08/26 v2.02 operator names
)
\inf@bad=\count320
LaTeX Info: Redefining \frac on input line 234.
\uproot@=\count321
\leftroot@=\count322
LaTeX Info: Redefining \overline on input line 399.
\classnum@=\count323
\DOTSCASE@=\count324
LaTeX Info: Redefining \ldots on input line 496.
LaTeX Info: Redefining \dots on input line 499.
LaTeX Info: Redefining \cdots on input line 620.
\Mathstrutbox@=\box73
\strutbox@=\box74
\big@size=\dimen283
LaTeX Font Info:    Redeclaring font encoding OML on input line 743.
LaTeX Font Info:    Redeclaring font encoding OMS on input line 744.
\macc@depth=\count325
\c@MaxMatrixCols=\count326
\dotsspace@=\muskip17
\c@parentequation=\count327
\dspbrk@lvl=\count328
\tag@help=\toks35
\row@=\count329
\column@=\count330
\maxfields@=\count331
\andhelp@=\toks36
\eqnshift@=\dimen284
\alignsep@=\dimen285
\tagshift@=\dimen286
\tagwidth@=\dimen287
\totwidth@=\dimen288
\lineht@=\dimen289
\@envbody=\toks37
\multlinegap=\skip59
\multlinetaggap=\skip60
\mathdisplay@stack=\toks38
LaTeX Info: Redefining \[ on input line 2938.
LaTeX Info: Redefining \] on input line 2939.
)
(/usr/local/texlive/2021/texmf-dist/tex/latex/amscls/amsthm.sty
Package: amsthm 2020/05/29 v2.20.6
\thm@style=\toks39
\thm@bodyfont=\toks40
\thm@headfont=\toks41
\thm@notefont=\toks42
\thm@headpunct=\toks43
\thm@preskip=\skip61
\thm@postskip=\skip62
\thm@headsep=\skip63
\dth@everypar=\toks44
)
\c@theorem=\count332
)
(/usr/local/texlive/2021/texmf-dist/tex/latex/beamer/beamerbasethemes.sty))
(/usr/local/texlive/2021/texmf-dist/tex/latex/beamer/beamerthemedefault.sty
(/usr/local/texlive/2021/texmf-dist/tex/latex/beamer/beamerfontthemedefault.sty
)
(/usr/local/texlive/2021/texmf-dist/tex/latex/beamer/beamercolorthemedefault.st
y)
(/usr/local/texlive/2021/texmf-dist/tex/latex/beamer/beamerinnerthemedefault.st
y
\beamer@dima=\dimen290
\beamer@dimb=\dimen291
)
(/usr/local/texlive/2021/texmf-dist/tex/latex/beamer/beamerouterthemedefault.st
y))) (/usr/local/texlive/2021/texmf-dist/tex/latex/caption/caption.sty
Package: caption 2020/10/26 v3.5g Customizing captions (AR)

(/usr/local/texlive/2021/texmf-dist/tex/latex/caption/caption3.sty
Package: caption3 2020/10/21 v2.2e caption3 kernel (AR)
\captionmargin=\dimen292
\captionmargin@=\dimen293
\captionwidth=\dimen294
\caption@tempdima=\dimen295
\caption@indent=\dimen296
\caption@parindent=\dimen297
\caption@hangindent=\dimen298
Package caption Info: beamer document class detected.

(/usr/local/texlive/2021/texmf-dist/tex/latex/caption/caption-beamer.sto
File: caption-beamer.sto 2020/08/22 v2.0 Adaption of the caption package to the
 beamer document classes (AR)
))
\c@caption@flags=\count333
\c@continuedfloat=\count334
Package caption Info: hyperref package is loaded.
Package caption Info: Hyperref support is turned off
(caption)             because hyperref has stopped early.
)
(/usr/local/texlive/2021/texmf-dist/tex/latex/natbib/natbib.sty
Package: natbib 2010/09/13 8.31b (PWD, AO)
\bibhang=\skip64
\bibsep=\skip65
LaTeX Info: Redefining \cite on input line 694.
\c@NAT@ctr=\count335
)
\sympureletters=\mathgroup6
LaTeX Font Info:    Overwriting symbol font `pureletters' in version `bold'
(Font)                  OT1/mathkerncmss/m/sl --> OT1/mathkerncmss/bx/sl on inp
ut line 8.

(/usr/local/texlive/2021/texmf-dist/tex/latex/tools/bm.sty
Package: bm 2021/04/25 v1.2e Bold Symbol Support (DPC/FMi)
\symboldoperators=\mathgroup7
\symboldletters=\mathgroup8
\symboldsymbols=\mathgroup9
Package bm Info: No bold for \OMX/cmex/m/n, using \pmb.
Package bm Info: No bold for \U/msa/m/n, using \pmb.
Package bm Info: No bold for \U/msb/m/n, using \pmb.
\symboldpureletters=\mathgroup10
LaTeX Font Info:    Redeclaring math alphabet \mathbf on input line 149.
)
(/usr/local/texlive/2021/texmf-dist/tex/latex/mathtools/mathtools.sty
Package: mathtools 2022/02/07 v1.28a mathematical typesetting tools

(/usr/local/texlive/2021/texmf-dist/tex/latex/tools/calc.sty
Package: calc 2017/05/25 v4.3 Infix arithmetic (KKT,FJ)
\calc@Acount=\count336
\calc@Bcount=\count337
\calc@Adimen=\dimen299
\calc@Bdimen=\dimen300
\calc@Askip=\skip66
\calc@Bskip=\skip67
LaTeX Info: Redefining \setlength on input line 80.
LaTeX Info: Redefining \addtolength on input line 81.
\calc@Ccount=\count338
\calc@Cskip=\skip68
)
(/usr/local/texlive/2021/texmf-dist/tex/latex/mathtools/mhsetup.sty
Package: mhsetup 2021/03/18 v1.4 programming setup (MH)
)
\g_MT_multlinerow_int=\count339
\l_MT_multwidth_dim=\dimen301
\origjot=\skip69
\l_MT_shortvdotswithinadjustabove_dim=\dimen302
\l_MT_shortvdotswithinadjustbelow_dim=\dimen303
\l_MT_above_intertext_sep=\dimen304
\l_MT_below_intertext_sep=\dimen305
\l_MT_above_shortintertext_sep=\dimen306
\l_MT_below_shortintertext_sep=\dimen307
\xmathstrut@box=\box75
\xmathstrut@dim=\dimen308
)
(/usr/local/texlive/2021/texmf-dist/tex/latex/cancel/cancel.sty
Package: cancel 2013/04/12 v2.2 Cancel math terms
)
(/usr/local/texlive/2021/texmf-dist/tex/generic/soul/soul.sty
Package: soul 2003/11/17 v2.4 letterspacing/underlining (mf)
\SOUL@word=\toks45
\SOUL@lasttoken=\toks46
\SOUL@cmds=\toks47
\SOUL@buffer=\toks48
\SOUL@token=\toks49
\SOUL@spaceskip=\skip70
\SOUL@ttwidth=\dimen309
\SOUL@uldp=\dimen310
\SOUL@ulht=\dimen311
)
(/usr/local/texlive/2021/texmf-dist/tex/latex/algorithms/algorithm.sty
Package: algorithm 2009/08/24 v0.1 Document Style `algorithm' - floating enviro
nment

(/usr/local/texlive/2021/texmf-dist/tex/latex/float/float.sty
Package: float 2001/11/08 v1.3d Float enhancements (AL)
\c@float@type=\count340
\float@exts=\toks50
\float@box=\box76
\@float@everytoks=\toks51
\@floatcapt=\box77
)
(/usr/local/texlive/2021/texmf-dist/tex/latex/base/ifthen.sty
Package: ifthen 2020/11/24 v1.1c Standard LaTeX ifthen package (DPC)
)
\@float@every@algorithm=\toks52
\c@algorithm=\count341
)
(/usr/local/texlive/2021/texmf-dist/tex/latex/algorithmicx/algpseudocode.sty
Package: algpseudocode 

(/usr/local/texlive/2021/texmf-dist/tex/latex/algorithmicx/algorithmicx.sty
Package: algorithmicx 2005/04/27 v1.2 Algorithmicx

Document Style algorithmicx 1.2 - a greatly improved `algorithmic' style
\c@ALG@line=\count342
\c@ALG@rem=\count343
\c@ALG@nested=\count344
\ALG@tlm=\skip71
\ALG@thistlm=\skip72
\c@ALG@Lnr=\count345
\c@ALG@blocknr=\count346
\c@ALG@storecount=\count347
\c@ALG@tmpcounter=\count348
\ALG@tmplength=\skip73
)
Document Style - pseudocode environments for use with the `algorithmicx' style
) (/usr/local/texlive/2021/texmf-dist/tex/latex/beamer/beamerthemeMadrid.sty
(/usr/local/texlive/2021/texmf-dist/tex/latex/beamer/beamercolorthemewhale.sty)

(/usr/local/texlive/2021/texmf-dist/tex/latex/beamer/beamercolorthemeorchid.sty
)
(/usr/local/texlive/2021/texmf-dist/tex/latex/beamer/beamerinnerthemerounded.st
y)
(/usr/local/texlive/2021/texmf-dist/tex/latex/beamer/beamerouterthemeinfolines.
sty)) (/usr/local/texlive/2021/texmf-dist/tex/generic/babel/babel.sty
Package: babel 2022/02/13 3.71 The Babel package
\babel@savecnt=\count349
\U@D=\dimen312
\l@unhyphenated=\language87

(/usr/local/texlive/2021/texmf-dist/tex/generic/babel/txtbabel.def)
\bbl@readstream=\read3
LaTeX Info: Redefining \textlatin on input line 3967.
\bbl@dirlevel=\count350

(/usr/local/texlive/2021/texmf-dist/tex/generic/babel-english/english.ldf
Language: english 2017/06/06 v3.3r English support from the babel system
Package babel Info: Hyphen rules for 'canadian' set to \l@english
(babel)             (\language0). Reported on input line 102.
Package babel Info: Hyphen rules for 'australian' set to \l@ukenglish
(babel)             (\language21). Reported on input line 105.
Package babel Info: Hyphen rules for 'newzealand' set to \l@ukenglish
(babel)             (\language21). Reported on input line 108.
))
(/usr/local/texlive/2021/texmf-dist/tex/latex/base/inputenc.sty
Package: inputenc 2021/02/14 v1.3d Input encoding file
\inpenc@prehook=\toks53
\inpenc@posthook=\toks54

(/usr/local/texlive/2021/texmf-dist/tex/latex/base/latin1.def
File: latin1.def 2021/02/14 v1.3d Input encoding file
))
(/usr/local/texlive/2021/texmf-dist/tex/latex/psnfss/times.sty
Package: times 2020/03/25 PSNFSS-v9.3 (SPQR) 
)
(/usr/local/texlive/2021/texmf-dist/tex/latex/base/fontenc.sty
Package: fontenc 2021/04/29 v2.0v Standard LaTeX package
LaTeX Font Info:    Trying to load font information for T1+phv on input line 11
2.

(/usr/local/texlive/2021/texmf-dist/tex/latex/psnfss/t1phv.fd
File: t1phv.fd 2020/03/25 scalable font definitions for T1/phv.
))
(/usr/local/texlive/2021/texmf-dist/tex/latex/wasysym/wasysym.sty
Package: wasysym 2020/01/19 v2.4 Wasy-2 symbol support package
\symwasy=\mathgroup11
LaTeX Font Info:    Overwriting symbol font `wasy' in version `bold'
(Font)                  U/wasy/m/n --> U/wasy/b/n on input line 93.
)
(/usr/local/texlive/2021/texmf-dist/tex/latex/mathtools/empheq.sty
Package: empheq 2017/03/31 v2.15 Emphasizing equations
\l_EQ_equationtype_int=\count351
\l_EQ_alignmentmode_int=\count352
\l_EQ_totalwidth_dim=\dimen313
\l_EQ_displaywidth_dim=\dimen314
\l_EQ_temp_linewidth_dim=\dimen315
\l_EQ_linewidth_dim=\dimen316
\EmphEqdelimitershortfall=\dimen317
\EmphEqdelimiterfactor=\count353
\g_EQ_toptag_height_dim=\dimen318
\g_EQ_bottomtag_depth_dim=\dimen319
\g_EQ_toprow_height_dim=\dimen320
\g_EQ_bottomrow_depth_dim=\dimen321
\g_EQ_widesttag_dim=\dimen322
\EQ_mathdisplay_box=\box78
\EQ_tag_box=\box79
\g_EQ_temprow_int=\count354
)
\mytemplen=\skip74
\mytempbox=\box80

(/usr/local/texlive/2021/texmf-dist/tex/latex/l3backend/l3backend-pdftex.def
File: l3backend-pdftex.def 2022-02-07 L3 backend support: PDF output (pdfTeX)
\l__color_backend_stack_int=\count355
\l__pdf_internal_box=\box81
)
(./2022-slides-AI_for_everyone.aux)
\openout1 = `2022-slides-AI_for_everyone.aux'.

LaTeX Font Info:    Checking defaults for OML/cmm/m/it on input line 206.
LaTeX Font Info:    ... okay on input line 206.
LaTeX Font Info:    Checking defaults for OMS/cmsy/m/n on input line 206.
LaTeX Font Info:    ... okay on input line 206.
LaTeX Font Info:    Checking defaults for OT1/cmr/m/n on input line 206.
LaTeX Font Info:    ... okay on input line 206.
LaTeX Font Info:    Checking defaults for T1/cmr/m/n on input line 206.
LaTeX Font Info:    ... okay on input line 206.
LaTeX Font Info:    Checking defaults for TS1/cmr/m/n on input line 206.
LaTeX Font Info:    ... okay on input line 206.
LaTeX Font Info:    Checking defaults for OMX/cmex/m/n on input line 206.
LaTeX Font Info:    ... okay on input line 206.
LaTeX Font Info:    Checking defaults for U/cmr/m/n on input line 206.
LaTeX Font Info:    ... okay on input line 206.
LaTeX Font Info:    Checking defaults for PD1/pdf/m/n on input line 206.
LaTeX Font Info:    ... okay on input line 206.
LaTeX Font Info:    Checking defaults for PU/pdf/m/n on input line 206.
LaTeX Font Info:    ... okay on input line 206.

*geometry* driver: auto-detecting
*geometry* detected driver: pdftex
*geometry* verbose mode - [ preamble ] result:
* driver: pdftex
* paper: custom
* layout: <same size as paper>
* layoutoffset:(h,v)=(0.0pt,0.0pt)
* modes: includehead includefoot 
* h-part:(L,W,R)=(10.95003pt, 342.2953pt, 10.95003pt)
* v-part:(T,H,B)=(0.0pt, 273.14662pt, 0.0pt)
* \paperwidth=364.19536pt
* \paperheight=273.14662pt
* \textwidth=342.2953pt
* \textheight=244.6939pt
* \oddsidemargin=-61.31996pt
* \evensidemargin=-61.31996pt
* \topmargin=-72.26999pt
* \headheight=14.22636pt
* \headsep=0.0pt
* \topskip=11.0pt
* \footskip=14.22636pt
* \marginparwidth=4.0pt
* \marginparsep=10.0pt
* \columnsep=10.0pt
* \skip\footins=10.0pt plus 4.0pt minus 2.0pt
* \hoffset=0.0pt
* \voffset=0.0pt
* \mag=1000
* \@twocolumnfalse
* \@twosidefalse
* \@mparswitchfalse
* \@reversemarginfalse
* (1in=72.27pt=25.4mm, 1cm=28.453pt)

(/usr/local/texlive/2021/texmf-dist/tex/context/base/mkii/supp-pdf.mkii
[Loading MPS to PDF converter (version 2006.09.02).]
\scratchcounter=\count356
\scratchdimen=\dimen323
\scratchbox=\box82
\nofMPsegments=\count357
\nofMParguments=\count358
\everyMPshowfont=\toks55
\MPscratchCnt=\count359
\MPscratchDim=\dimen324
\MPnumerator=\count360
\makeMPintoPDFobject=\count361
\everyMPtoPDFconversion=\toks56
) (/usr/local/texlive/2021/texmf-dist/tex/latex/epstopdf-pkg/epstopdf-base.sty
Package: epstopdf-base 2020-01-24 v2.11 Base part for package epstopdf
Package epstopdf-base Info: Redefining graphics rule for `.eps' on input line 4
85.

(/usr/local/texlive/2021/texmf-dist/tex/latex/latexconfig/epstopdf-sys.cfg
File: epstopdf-sys.cfg 2010/07/13 v1.3 Configuration of (r)epstopdf for TeX Liv
e
))
Package hyperref Info: Link coloring OFF on input line 206.

(/usr/local/texlive/2021/texmf-dist/tex/latex/hyperref/nameref.sty
Package: nameref 2021-04-02 v2.47 Cross-referencing by name of section

(/usr/local/texlive/2021/texmf-dist/tex/latex/refcount/refcount.sty
Package: refcount 2019/12/15 v3.6 Data extraction from label references (HO)
)
(/usr/local/texlive/2021/texmf-dist/tex/generic/gettitlestring/gettitlestring.s
ty
Package: gettitlestring 2019/12/15 v1.6 Cleanup title references (HO)
)
\c@section@level=\count362
)
LaTeX Info: Redefining \ref on input line 206.
LaTeX Info: Redefining \pageref on input line 206.
LaTeX Info: Redefining \nameref on input line 206.
 (./2022-slides-AI_for_everyone.out) (./2022-slides-AI_for_everyone.out)
\@outlinefile=\write5
\openout5 = `2022-slides-AI_for_everyone.out'.

LaTeX Font Info:    Overwriting symbol font `operators' in version `normal'
(Font)                  OT1/cmr/m/n --> OT1/cmss/m/n on input line 206.
LaTeX Font Info:    Overwriting symbol font `operators' in version `bold'
(Font)                  OT1/cmr/bx/n --> OT1/cmss/b/n on input line 206.
\symnumbers=\mathgroup12
LaTeX Font Info:    Redeclaring symbol font `pureletters' on input line 206.
LaTeX Font Info:    Encoding `OT1' has changed to `T1' for symbol font
(Font)              `pureletters' in the math version `normal' on input line 20
6.
LaTeX Font Info:    Overwriting symbol font `pureletters' in version `normal'
(Font)                  OT1/mathkerncmss/m/sl --> T1/phv/m/it on input line 206
.
LaTeX Font Info:    Encoding `OT1' has changed to `T1' for symbol font
(Font)              `pureletters' in the math version `bold' on input line 206.

LaTeX Font Info:    Overwriting symbol font `pureletters' in version `bold'
(Font)                  OT1/mathkerncmss/bx/sl --> T1/phv/m/it on input line 20
6.
LaTeX Font Info:    Overwriting math alphabet `\mathrm' in version `normal'
(Font)                  OT1/cmss/m/n --> T1/ptm/m/n on input line 206.
LaTeX Font Info:    Redeclaring math alphabet \mathbf on input line 206.
LaTeX Font Info:    Redeclaring math alphabet \mathsf on input line 206.
LaTeX Font Info:    Overwriting math alphabet `\mathsf' in version `normal'
(Font)                  OT1/cmss/m/n --> T1/phv/m/n on input line 206.
LaTeX Font Info:    Overwriting math alphabet `\mathsf' in version `bold'
(Font)                  OT1/cmss/bx/n --> T1/phv/m/n on input line 206.
LaTeX Font Info:    Redeclaring math alphabet \mathit on input line 206.
LaTeX Font Info:    Overwriting math alphabet `\mathit' in version `normal'
(Font)                  OT1/cmr/m/it --> T1/phv/m/it on input line 206.
LaTeX Font Info:    Overwriting math alphabet `\mathit' in version `bold'
(Font)                  OT1/cmr/bx/it --> T1/phv/m/it on input line 206.
LaTeX Font Info:    Redeclaring math alphabet \mathtt on input line 206.
LaTeX Font Info:    Overwriting math alphabet `\mathtt' in version `normal'
(Font)                  OT1/cmtt/m/n --> T1/pcr/m/n on input line 206.
LaTeX Font Info:    Overwriting math alphabet `\mathtt' in version `bold'
(Font)                  OT1/cmtt/m/n --> T1/pcr/m/n on input line 206.
LaTeX Font Info:    Overwriting symbol font `numbers' in version `bold'
(Font)                  T1/phv/m/n --> T1/phv/b/n on input line 206.
LaTeX Font Info:    Overwriting symbol font `pureletters' in version `bold'
(Font)                  T1/phv/m/it --> T1/phv/b/it on input line 206.
LaTeX Font Info:    Overwriting math alphabet `\mathrm' in version `bold'
(Font)                  OT1/cmss/b/n --> T1/ptm/b/n on input line 206.
LaTeX Font Info:    Overwriting math alphabet `\mathbf' in version `bold'
(Font)                  T1/phv/b/n --> T1/phv/b/n on input line 206.
LaTeX Font Info:    Overwriting math alphabet `\mathsf' in version `bold'
(Font)                  T1/phv/m/n --> T1/phv/b/n on input line 206.
LaTeX Font Info:    Overwriting math alphabet `\mathit' in version `bold'
(Font)                  T1/phv/m/it --> T1/phv/b/it on input line 206.
LaTeX Font Info:    Overwriting math alphabet `\mathtt' in version `bold'
(Font)                  T1/pcr/m/n --> T1/pcr/b/n on input line 206.
LaTeX Font Info:    Redeclaring symbol font `boldpureletters' on input line 206
.
LaTeX Font Info:    Encoding `OT1' has changed to `T1' for symbol font
(Font)              `boldpureletters' in the math version `normal' on input lin
e 206.
LaTeX Font Info:    Overwriting symbol font `boldpureletters' in version `norma
l'
(Font)                  OT1/mathkerncmss/bx/sl --> T1/phv/bx/it on input line 2
06.
LaTeX Font Info:    Encoding `OT1' has changed to `T1' for symbol font
(Font)              `boldpureletters' in the math version `bold' on input line 
206.
LaTeX Font Info:    Overwriting symbol font `boldpureletters' in version `bold'

(Font)                  OT1/mathkerncmss/bx/sl --> T1/phv/bx/it on input line 2
06.

(/usr/local/texlive/2021/texmf-dist/tex/latex/translator/translator-basic-dicti
onary-English.dict
Dictionary: translator-basic-dictionary, Language: English 
)
(/usr/local/texlive/2021/texmf-dist/tex/latex/translator/translator-bibliograph
y-dictionary-English.dict
Dictionary: translator-bibliography-dictionary, Language: English 
)
(/usr/local/texlive/2021/texmf-dist/tex/latex/translator/translator-environment
-dictionary-English.dict
Dictionary: translator-environment-dictionary, Language: English 
)
(/usr/local/texlive/2021/texmf-dist/tex/latex/translator/translator-months-dict
ionary-English.dict
Dictionary: translator-months-dictionary, Language: English 
)
(/usr/local/texlive/2021/texmf-dist/tex/latex/translator/translator-numbers-dic
tionary-English.dict
Dictionary: translator-numbers-dictionary, Language: English 
)
(/usr/local/texlive/2021/texmf-dist/tex/latex/translator/translator-theorem-dic
tionary-English.dict
Dictionary: translator-theorem-dictionary, Language: English 
)
Package caption Info: Begin \AtBeginDocument code.
Package caption Info: float package is loaded.
Package caption Info: End \AtBeginDocument code.
 (./2022-slides-AI_for_everyone.nav)
LaTeX Font Info:    Font shape `T1/phv/b/it' in size <14.4> not available
(Font)              Font shape `T1/phv/b/sl' tried instead on input line 210.
LaTeX Font Info:    Font shape `T1/phv/m/it' in size <10.95> not available
(Font)              Font shape `T1/phv/m/sl' tried instead on input line 210.
 [1

{/usr/local/texlive/2021/texmf-var/fonts/map/pdftex/updmap/pdftex.map} <./logo-
mcu.jpeg>]
(./2022-slides-AI_for_everyone.toc) [2

] (./2022-slides-AI_for_everyone.toc)
[3

]
<AI-value-creation.png, id=204, 1442.38875pt x 442.65375pt>
File: AI-value-creation.png Graphic file (type png)
<use AI-value-creation.png>
Package pdftex.def Info: AI-value-creation.png  used on input line 250.
(pdftex.def)             Requested size: 324.54547pt x 99.59953pt.
LaTeX Font Info:    Trying to load font information for U+msa on input line 250
.
 (/usr/local/texlive/2021/texmf-dist/tex/latex/amsfonts/umsa.fd
File: umsa.fd 2013/01/14 v3.01 AMS symbols A
)
LaTeX Font Info:    Trying to load font information for U+msb on input line 250
.

(/usr/local/texlive/2021/texmf-dist/tex/latex/amsfonts/umsb.fd
File: umsb.fd 2013/01/14 v3.01 AMS symbols B
)
LaTeX Font Info:    Font shape `T1/phv/m/it' in size <8> not available
(Font)              Font shape `T1/phv/m/sl' tried instead on input line 250.
LaTeX Font Info:    Font shape `T1/phv/m/it' in size <6> not available
(Font)              Font shape `T1/phv/m/sl' tried instead on input line 250.
LaTeX Font Info:    Font shape `T1/phv/bx/it' in size <10.95> not available
(Font)              Font shape `T1/phv/b/it' tried instead on input line 250.
LaTeX Font Info:    Font shape `T1/phv/b/it' in size <10.95> not available
(Font)              Font shape `T1/phv/b/sl' tried instead on input line 250.
LaTeX Font Info:    Font shape `T1/phv/bx/it' in size <8> not available
(Font)              Font shape `T1/phv/b/it' tried instead on input line 250.
LaTeX Font Info:    Font shape `T1/phv/b/it' in size <8> not available
(Font)              Font shape `T1/phv/b/sl' tried instead on input line 250.
LaTeX Font Info:    Font shape `T1/phv/bx/it' in size <6> not available
(Font)              Font shape `T1/phv/b/it' tried instead on input line 250.
LaTeX Font Info:    Font shape `T1/phv/b/it' in size <6> not available
(Font)              Font shape `T1/phv/b/sl' tried instead on input line 250.
LaTeX Font Info:    Trying to load font information for U+wasy on input line 25
0.

(/usr/local/texlive/2021/texmf-dist/tex/latex/wasysym/uwasy.fd
File: uwasy.fd 2020/01/19 v2.4 Wasy-2 symbol font definitions
) [4

 <./AI-value-creation.png>] [5

] [6

]
<ex-machina.jpg, id=299, 676.5275pt x 1003.75pt>
File: ex-machina.jpg Graphic file (type jpg)
<use ex-machina.jpg>
Package pdftex.def Info: ex-machina.jpg  used on input line 264.
(pdftex.def)             Requested size: 84.56572pt x 125.46844pt.
<upgrade.jpg, id=300, 676.5275pt x 1003.75pt>
File: upgrade.jpg Graphic file (type jpg)
<use upgrade.jpg>
Package pdftex.def Info: upgrade.jpg  used on input line 264.
(pdftex.def)             Requested size: 84.56572pt x 125.46844pt.
 [7

 <./ex-machina.jpg> <./upgrade.jpg>]
(./2022-slides-AI_for_everyone.toc) [8

]
Overfull \hbox (21.90005pt too wide) in paragraph at lines 277--277
[][] 
 []

[9

]
Overfull \hbox (21.90005pt too wide) in paragraph at lines 277--277
[][] 
 []

[10

]
Overfull \hbox (21.90005pt too wide) in paragraph at lines 277--277
[][] 
 []

[11

]
<images/programming-with-without-ml.png, id=458, 1325.95375pt x 669.50125pt>
File: images/programming-with-without-ml.png Graphic file (type png)
<use images/programming-with-without-ml.png>
Package pdftex.def Info: images/programming-with-without-ml.png  used on input 
line 277.
(pdftex.def)             Requested size: 238.66138pt x 120.50502pt.

Overfull \hbox (21.90005pt too wide) in paragraph at lines 277--277
[][] 
 []

[12

 <./images/programming-with-without-ml.png>] [13

] [14

] [15

] [16

] [17

]
[18

]
LaTeX Font Info:    Font shape `T1/phv/b/it' in size <10.95> not available
(Font)              Font shape `T1/phv/b/sl' tried instead on input line 306.
 [19

] [20

] [21

] [22

] [23

] [24

] [25

] [26

] [27

]
Overfull \hbox (9.87114pt too wide) in paragraph at lines 342--342
 [] 
 []

[28

]
Overfull \hbox (9.87114pt too wide) in paragraph at lines 342--342
 [] 
 []

[29

]
Overfull \hbox (9.87114pt too wide) in paragraph at lines 342--342
 [] 
 []

[30

]
Overfull \hbox (9.87114pt too wide) in paragraph at lines 342--342
 [] 
 []

[31

]
Overfull \hbox (9.87114pt too wide) in paragraph at lines 342--342
 [] 
 []

[32

]
Overfull \hbox (9.87114pt too wide) in paragraph at lines 342--342
 [] 
 []

[33

]
Overfull \hbox (9.87114pt too wide) in paragraph at lines 342--342
 [] 
 []

[34

]
<big-data.png, id=1129, 1247.66125pt x 558.085pt>
File: big-data.png Graphic file (type png)
<use big-data.png>
Package pdftex.def Info: big-data.png  used on input line 351.
(pdftex.def)             Requested size: 311.91455pt x 139.5209pt.
 [35

 <./big-data.png>] (./2022-slides-AI_for_everyone.toc) [36

]
<example-dataset-2.png, id=1198, 634.37pt x 514.92375pt>
File: example-dataset-2.png Graphic file (type png)
<use example-dataset-2.png>
Package pdftex.def Info: example-dataset-2.png  used on input line 361.
(pdftex.def)             Requested size: 190.31245pt x 154.4783pt.
 [37

 <./example-dataset-2.png>]
<example-dataset-1.png, id=1231, 627.34375pt x 510.90875pt>
File: example-dataset-1.png Graphic file (type png)
<use example-dataset-1.png>
Package pdftex.def Info: example-dataset-1.png  used on input line 371.
(pdftex.def)             Requested size: 188.20457pt x 153.2738pt.
 [38

 <./example-dataset-1.png>]
<example-dataset-3.png, id=1264, 369.38pt x 537.00626pt>
File: example-dataset-3.png Graphic file (type png)
<use example-dataset-3.png>
Package pdftex.def Info: example-dataset-3.png  used on input line 380.
(pdftex.def)             Requested size: 110.81485pt x 161.10312pt.
 [39

 <./example-dataset-3.png>]
<manual-labeling.png, id=1296, 1000.73875pt x 124.465pt>
File: manual-labeling.png Graphic file (type png)
<use manual-labeling.png>
Package pdftex.def Info: manual-labeling.png  used on input line 395.
(pdftex.def)             Requested size: 300.22394pt x 37.33978pt.
<observing-behaviors.png, id=1297, 835.12pt x 194.7275pt>
File: observing-behaviors.png Graphic file (type png)
<use observing-behaviors.png>
Package pdftex.def Info: observing-behaviors.png  used on input line 395.
(pdftex.def)             Requested size: 292.29637pt x 68.15564pt.
 [40

 <./manual-labeling.png> <./observing-behaviors.png>]
File: manual-labeling.png Graphic file (type png)
<use manual-labeling.png>
Package pdftex.def Info: manual-labeling.png  used on input line 395.
(pdftex.def)             Requested size: 300.22394pt x 37.33978pt.
File: observing-behaviors.png Graphic file (type png)
<use observing-behaviors.png>
Package pdftex.def Info: observing-behaviors.png  used on input line 395.
(pdftex.def)             Requested size: 292.29637pt x 68.15564pt.
 [41

]
File: manual-labeling.png Graphic file (type png)
<use manual-labeling.png>
Package pdftex.def Info: manual-labeling.png  used on input line 395.
(pdftex.def)             Requested size: 300.22394pt x 37.33978pt.
File: observing-behaviors.png Graphic file (type png)
<use observing-behaviors.png>
Package pdftex.def Info: observing-behaviors.png  used on input line 395.
(pdftex.def)             Requested size: 292.29637pt x 68.15564pt.
 [42

]
File: manual-labeling.png Graphic file (type png)
<use manual-labeling.png>
Package pdftex.def Info: manual-labeling.png  used on input line 395.
(pdftex.def)             Requested size: 300.22394pt x 37.33978pt.
File: observing-behaviors.png Graphic file (type png)
<use observing-behaviors.png>
Package pdftex.def Info: observing-behaviors.png  used on input line 395.
(pdftex.def)             Requested size: 292.29637pt x 68.15564pt.
 [43

]
<data-problems.png, id=1422, 639.38875pt x 350.30875pt>
File: data-problems.png Graphic file (type png)
<use data-problems.png>
Package pdftex.def Info: data-problems.png  used on input line 407.
(pdftex.def)             Requested size: 191.8181pt x 105.09343pt.

[44

 <./data-problems.png>]
File: data-problems.png Graphic file (type png)
<use data-problems.png>
Package pdftex.def Info: data-problems.png  used on input line 407.
(pdftex.def)             Requested size: 191.8181pt x 105.09343pt.
 [45

]
File: data-problems.png Graphic file (type png)
<use data-problems.png>
Package pdftex.def Info: data-problems.png  used on input line 407.
(pdftex.def)             Requested size: 191.8181pt x 105.09343pt.
 [46

]
File: data-problems.png Graphic file (type png)
<use data-problems.png>
Package pdftex.def Info: data-problems.png  used on input line 407.
(pdftex.def)             Requested size: 191.8181pt x 105.09343pt.
 [47

] (./2022-slides-AI_for_everyone.toc)
[48

]
<diagram-venn-deep-learning.png, id=1574, 604.2575pt x 425.59pt>
File: diagram-venn-deep-learning.png Graphic file (type png)
<use diagram-venn-deep-learning.png>
Package pdftex.def Info: diagram-venn-deep-learning.png  used on input line 416
.
(pdftex.def)             Requested size: 271.91336pt x 191.51372pt.
 [49

 <./diagram-venn-deep-learning.png (PNG copy)>]
<ml-vs-ds.png, id=1606, 1022.82124pt x 420.57124pt>
File: ml-vs-ds.png Graphic file (type png)
<use ml-vs-ds.png>
Package pdftex.def Info: ml-vs-ds.png  used on input line 432.
(pdftex.def)             Requested size: 255.70468pt x 105.14255pt.
 [50

 <./ml-vs-ds.png>]
File: ml-vs-ds.png Graphic file (type png)
<use ml-vs-ds.png>
Package pdftex.def Info: ml-vs-ds.png  used on input line 432.
(pdftex.def)             Requested size: 255.70468pt x 105.14255pt.

[51

]
File: ml-vs-ds.png Graphic file (type png)
<use ml-vs-ds.png>
Package pdftex.def Info: ml-vs-ds.png  used on input line 432.
(pdftex.def)             Requested size: 255.70468pt x 105.14255pt.
 [52

] [53

] [54

] [55

] (./2022-slides-AI_for_everyone.toc) [56

]
File: ml-vs-ds.png Graphic file (type png)
<use ml-vs-ds.png>
Package pdftex.def Info: ml-vs-ds.png  used on input line 457.
(pdftex.def)             Requested size: 255.70468pt x 105.14255pt.
 [57

]
<deep-learning.png, id=1847, 1201.48875pt x 538.01pt>
File: deep-learning.png Graphic file (type png)
<use deep-learning.png>
Package pdftex.def Info: deep-learning.png  used on input line 463.
(pdftex.def)             Requested size: 330.40126pt x 147.9491pt.
 [58

 <./deep-learning.png>]
<images/brain-neurons.png, id=1878, 752.8125pt x 430.60875pt>
File: images/brain-neurons.png Graphic file (type png)
<use images/brain-neurons.png>
Package pdftex.def Info: images/brain-neurons.png  used on input line 471.
(pdftex.def)             Requested size: 301.11966pt x 172.24043pt.
 [59

 <./images/brain-neurons.png>]
<deep-learning-2.png, id=1908, 1411.2725pt x 700.6175pt>
File: deep-learning-2.png Graphic file (type png)
<use deep-learning-2.png>
Package pdftex.def Info: deep-learning-2.png  used on input line 477.
(pdftex.def)             Requested size: 338.71233pt x 168.15163pt.
 [60

 <./deep-learning-2.png>] (./2022-slides-AI_for_everyone.toc) [61

]
<demand-prediction.png, id=1976, 760.8425pt x 559.08875pt>
File: demand-prediction.png Graphic file (type png)
<use demand-prediction.png>
Package pdftex.def Info: demand-prediction.png  used on input line 491.
(pdftex.def)             Requested size: 171.19379pt x 125.79807pt.
<t-shirt.jpg, id=1977, 617.30624pt x 616.3025pt>
File: t-shirt.jpg Graphic file (type jpg)
<use t-shirt.jpg>
Package pdftex.def Info: t-shirt.jpg  used on input line 491.
(pdftex.def)             Requested size: 138.89732pt x 138.67148pt.

Overfull \hbox (1.9813pt too wide) in paragraph at lines 491--491
[][]  
 []

[62

 <./demand-prediction.png> <./t-shirt.jpg>]
<demand-prediction-line.png, id=2008, 1394.20876pt x 561.09625pt>
File: demand-prediction-line.png Graphic file (type png)
<use demand-prediction-line.png>
Package pdftex.def Info: demand-prediction-line.png  used on input line 496.
(pdftex.def)             Requested size: 313.70471pt x 126.24977pt.
 [63

 <./demand-prediction-line.png>]
<demand-prediction-nn-0.png, id=2038, 1148.29pt x 503.8825pt>
File: demand-prediction-nn-0.png Graphic file (type png)
<use demand-prediction-nn-0.png>
Package pdftex.def Info: demand-prediction-nn-0.png  used on input line 501.
(pdftex.def)             Requested size: 315.77196pt x 138.56427pt.
 [64

 <./demand-prediction-nn-0.png>]
<demand-prediction-nn.png, id=2068, 1148.29pt x 503.8825pt>
File: demand-prediction-nn.png Graphic file (type png)
<use demand-prediction-nn.png>
Package pdftex.def Info: demand-prediction-nn.png  used on input line 506.
(pdftex.def)             Requested size: 315.77196pt x 138.56427pt.
 [65

 <./demand-prediction-nn.png>]
<demand-prediction-nn-2.png, id=2099, 1214.5375pt x 613.29124pt>
File: demand-prediction-nn-2.png Graphic file (type png)
<use demand-prediction-nn-2.png>
Package pdftex.def Info: demand-prediction-nn-2.png  used on input line 513.
(pdftex.def)             Requested size: 333.98958pt x 168.65092pt.

[66

 <./demand-prediction-nn-2.png>]
<demand-prediction-nn-3.png, id=2129, 1216.545pt x 602.25pt>
File: demand-prediction-nn-3.png Graphic file (type png)
<use demand-prediction-nn-3.png>
Package pdftex.def Info: demand-prediction-nn-3.png  used on input line 518.
(pdftex.def)             Requested size: 334.54163pt x 165.61465pt.
 [67

 <./demand-prediction-nn-3.png>]
<face-recognition-intro.png, id=2160, 1359.0775pt x 654.445pt>
File: face-recognition-intro.png Graphic file (type png)
<use face-recognition-intro.png>
Package pdftex.def Info: face-recognition-intro.png  used on input line 529.
(pdftex.def)             Requested size: 339.76854pt x 163.61084pt.

[68

 <./face-recognition-intro.png>]
<face-recognition-intro-2.png, id=2191, 1289.81876pt x 623.32875pt>
File: face-recognition-intro-2.png Graphic file (type png)
<use face-recognition-intro-2.png>
Package pdftex.def Info: face-recognition-intro-2.png  used on input line 534.
(pdftex.def)             Requested size: 322.4539pt x 155.8318pt.
 [69

 <./face-recognition-intro-2.png>]
<face-recognition-intro-3.png, id=2222, 1488.56125pt x 652.4375pt>
File: face-recognition-intro-3.png Graphic file (type png)
<use face-recognition-intro-3.png>
Package pdftex.def Info: face-recognition-intro-3.png  used on input line 539.
(pdftex.def)             Requested size: 334.93454pt x 146.80205pt.

[70

 <./face-recognition-intro-3.png>] [71

] (./2022-slides-AI_for_everyone.toc)
[72

]
<what-ML-can-do.png, id=2320, 945.5325pt x 459.7175pt>
File: what-ML-can-do.png Graphic file (type png)
<use what-ML-can-do.png>
Package pdftex.def Info: what-ML-can-do.png  used on input line 554.
(pdftex.def)             Requested size: 283.66194pt x 137.9163pt.
 [73

 <./what-ML-can-do.png>]
File: what-ML-can-do.png Graphic file (type png)
<use what-ML-can-do.png>
Package pdftex.def Info: what-ML-can-do.png  used on input line 554.
(pdftex.def)             Requested size: 283.66194pt x 137.9163pt.
 [74

] [75

] [76

] [77

] [78

] [79

] [80

] [81

]
[82

] [83

] [84

] [85

] (./2022-slides-AI_for_everyone.toc) [86

] [87

]
<kiri-can.png, id=2759, 566.115pt x 412.54124pt>
File: kiri-can.png Graphic file (type png)
<use kiri-can.png>
Package pdftex.def Info: kiri-can.png  used on input line 639.
(pdftex.def)             Requested size: 127.37901pt x 92.82407pt.
 [88

 <./kiri-can.png>]
File: kiri-can.png Graphic file (type png)
<use kiri-can.png>
Package pdftex.def Info: kiri-can.png  used on input line 639.
(pdftex.def)             Requested size: 127.37901pt x 92.82407pt.
<kanan-can.png, id=2789, 745.78625pt x 481.8pt>
File: kanan-can.png Graphic file (type png)
<use kanan-can.png>
Package pdftex.def Info: kanan-can.png  used on input line 639.
(pdftex.def)             Requested size: 167.80605pt x 108.40767pt.
 [89

 <./kanan-can.png>]
File: kiri-can.png Graphic file (type png)
<use kiri-can.png>
Package pdftex.def Info: kiri-can.png  used on input line 639.
(pdftex.def)             Requested size: 127.37901pt x 92.82407pt.
File: kanan-can.png Graphic file (type png)
<use kanan-can.png>
Package pdftex.def Info: kanan-can.png  used on input line 639.
(pdftex.def)             Requested size: 167.80605pt x 108.40767pt.
 [90

]
File: kiri-can.png Graphic file (type png)
<use kiri-can.png>
Package pdftex.def Info: kiri-can.png  used on input line 639.
(pdftex.def)             Requested size: 127.37901pt x 92.82407pt.
File: kanan-can.png Graphic file (type png)
<use kanan-can.png>
Package pdftex.def Info: kanan-can.png  used on input line 639.
(pdftex.def)             Requested size: 167.80605pt x 108.40767pt.
 [91

]
<x-ray.png, id=2875, 1410.26875pt x 254.9525pt>
File: x-ray.png Graphic file (type png)
<use x-ray.png>
Package pdftex.def Info: x-ray.png  used on input line 653.
(pdftex.def)             Requested size: 317.3183pt x 57.36572pt.
 [92

 <./x-ray.png>]
File: x-ray.png Graphic file (type png)
<use x-ray.png>
Package pdftex.def Info: x-ray.png  used on input line 653.
(pdftex.def)             Requested size: 317.3183pt x 57.36572pt.
 [93

]
File: x-ray.png Graphic file (type png)
<use x-ray.png>
Package pdftex.def Info: x-ray.png  used on input line 653.
(pdftex.def)             Requested size: 317.3183pt x 57.36572pt.
 [94

] [95

]
[96

] [97

] [98

]
<new-types-of-data.png, id=3078, 1169.36874pt x 231.86626pt>
File: new-types-of-data.png Graphic file (type png)
<use new-types-of-data.png>
Package pdftex.def Info: new-types-of-data.png  used on input line 672.
(pdftex.def)             Requested size: 321.56848pt x 63.76164pt.
 [99

 <./new-types-of-data.png>] [100

] [101

] [102

] [103

]
<potato-chip-sales.png, id=3225, 505.89pt x 441.65pt>
File: potato-chip-sales.png Graphic file (type png)
<use potato-chip-sales.png>
Package pdftex.def Info: potato-chip-sales.png  used on input line 689.
(pdftex.def)             Requested size: 126.47218pt x 110.41222pt.
 [104

 <./potato-chip-sales.png>]
File: potato-chip-sales.png Graphic file (type png)
<use potato-chip-sales.png>
Package pdftex.def Info: potato-chip-sales.png  used on input line 689.
(pdftex.def)             Requested size: 126.47218pt x 110.41222pt.
<potato-chip-sales-2.png, id=3256, 516.93124pt x 449.68pt>
File: potato-chip-sales-2.png Graphic file (type png)
<use potato-chip-sales-2.png>
Package pdftex.def Info: potato-chip-sales-2.png  used on input line 689.
(pdftex.def)             Requested size: 129.23248pt x 112.41972pt.
 [105

 <./potato-chip-sales-2.png>]
<google-cats.png, id=3286, 486.81876pt x 425.59pt>
File: google-cats.png Graphic file (type png)
<use google-cats.png>
Package pdftex.def Info: google-cats.png  used on input line 705.
(pdftex.def)             Requested size: 121.70439pt x 106.39723pt.
 [106

 <./google-cats.png>]
File: google-cats.png Graphic file (type png)
<use google-cats.png>
Package pdftex.def Info: google-cats.png  used on input line 705.
(pdftex.def)             Requested size: 121.70439pt x 106.39723pt.
 [107

] (./2022-slides-AI_for_everyone.toc) [108

]
<image-classification.png, id=3380, 264.99pt x 143.53625pt>
File: image-classification.png Graphic file (type png)
<use image-classification.png>
Package pdftex.def Info: image-classification.png  used on input line 715.
(pdftex.def)             Requested size: 105.99411pt x 57.41347pt.
 [109

 <./image-classification.png>]
<images/face-identification-recognition.jpg, id=3411, 1473.505pt x 837.1275pt>
File: images/face-identification-recognition.jpg Graphic file (type jpg)
<use images/face-identification-recognition.jpg>
Package pdftex.def Info: images/face-identification-recognition.jpg  used on in
put line 726.
(pdftex.def)             Requested size: 341.8444pt x 194.2086pt.

Overfull \vbox (3.63329pt too high) detected at line 726
 []

[110

 <./images/face-identification-recognition.jpg>]
<object-detection-1.png, id=3442, 284.06125pt x 180.675pt>
File: object-detection-1.png Graphic file (type png)
<use object-detection-1.png>
Package pdftex.def Info: object-detection-1.png  used on input line 737.
(pdftex.def)             Requested size: 113.62247pt x 72.2687pt.
 [111

 <./object-detection-1.png>]
File: object-detection-1.png Graphic file (type png)
<use object-detection-1.png>
Package pdftex.def Info: object-detection-1.png  used on input line 737.
(pdftex.def)             Requested size: 113.62247pt x 72.2687pt.
<object-detection-2.png, id=3474, 283.0575pt x 181.67876pt>
File: object-detection-2.png Graphic file (type png)
<use object-detection-2.png>
Package pdftex.def Info: object-detection-2.png  used on input line 737.
(pdftex.def)             Requested size: 113.22098pt x 72.6702pt.
 [112

 <./object-detection-2.png>]
File: object-detection-1.png Graphic file (type png)
<use object-detection-1.png>
Package pdftex.def Info: object-detection-1.png  used on input line 737.
(pdftex.def)             Requested size: 113.62247pt x 72.2687pt.
File: object-detection-2.png Graphic file (type png)
<use object-detection-2.png>
Package pdftex.def Info: object-detection-2.png  used on input line 737.
(pdftex.def)             Requested size: 113.22098pt x 72.6702pt.
<object-detection-3.png, id=3504, 238.8925pt x 183.68625pt>
File: object-detection-3.png Graphic file (type png)
<use object-detection-3.png>
Package pdftex.def Info: object-detection-3.png  used on input line 737.
(pdftex.def)             Requested size: 95.5553pt x 73.47318pt.
 [113

 <./object-detection-3.png>]
File: object-detection-1.png Graphic file (type png)
<use object-detection-1.png>
Package pdftex.def Info: object-detection-1.png  used on input line 750.
(pdftex.def)             Requested size: 113.62247pt x 72.2687pt.
<tracking.png, id=3533, 227.85126pt x 178.6675pt>
File: tracking.png Graphic file (type png)
<use tracking.png>
Package pdftex.def Info: tracking.png  used on input line 750.
(pdftex.def)             Requested size: 91.13889pt x 71.46573pt.

[114

 <./tracking.png>]
File: object-detection-1.png Graphic file (type png)
<use object-detection-1.png>
Package pdftex.def Info: object-detection-1.png  used on input line 750.
(pdftex.def)             Requested size: 113.62247pt x 72.2687pt.
<image-segmentation.png, id=3565, 286.06876pt x 182.6825pt>
File: image-segmentation.png Graphic file (type png)
<use image-segmentation.png>
Package pdftex.def Info: image-segmentation.png  used on input line 750.
(pdftex.def)             Requested size: 114.42546pt x 73.07169pt.
File: tracking.png Graphic file (type png)
<use tracking.png>
Package pdftex.def Info: tracking.png  used on input line 750.
(pdftex.def)             Requested size: 91.13889pt x 71.46573pt.
 [115

 <./image-segmentation.png>]
File: object-detection-1.png Graphic file (type png)
<use object-detection-1.png>
Package pdftex.def Info: object-detection-1.png  used on input line 750.
(pdftex.def)             Requested size: 113.62247pt x 72.2687pt.
File: image-segmentation.png Graphic file (type png)
<use image-segmentation.png>
Package pdftex.def Info: image-segmentation.png  used on input line 750.
(pdftex.def)             Requested size: 114.42546pt x 73.07169pt.
File: tracking.png Graphic file (type png)
<use tracking.png>
Package pdftex.def Info: tracking.png  used on input line 750.
(pdftex.def)             Requested size: 91.13889pt x 71.46573pt.
 [116

]
<images/generating-style.jpg, id=3623, 1660.2025pt x 487.8225pt>
File: images/generating-style.jpg Graphic file (type jpg)
<use images/generating-style.jpg>
Package pdftex.def Info: images/generating-style.jpg  used on input line 761.
(pdftex.def)             Requested size: 332.03462pt x 97.56276pt.
 [117

 <./images/generating-style.jpg>]
<images/gans+text+cv.jpg, id=3653, 1508.63625pt x 651.43375pt>
File: images/gans+text+cv.jpg Graphic file (type jpg)
<use images/gans+text+cv.jpg>
Package pdftex.def Info: images/gans+text+cv.jpg  used on input line 772.
(pdftex.def)             Requested size: 339.45154pt x 146.5762pt.
 [118

 <./images/gans+text+cv.jpg>]
<images/image-recommendation.jpg, id=3683, 628.3475pt x 897.3525pt>
File: images/image-recommendation.jpg Graphic file (type jpg)
<use images/image-recommendation.jpg>
Package pdftex.def Info: images/image-recommendation.jpg  used on input line 78
3.
(pdftex.def)             Requested size: 141.38167pt x 201.90929pt.

Overfull \vbox (13.64447pt too high) detected at line 783
 []

[119

 <./images/image-recommendation.jpg>]
<images/search-engine-1.jpg, id=3715, 1315.91624pt x 237.88875pt>
File: images/search-engine-1.jpg Graphic file (type jpg)
<use images/search-engine-1.jpg>
Package pdftex.def Info: images/search-engine-1.jpg  used on input line 797.
(pdftex.def)             Requested size: 328.97826pt x 59.47203pt.
<images/search-engine-2.jpg, id=3716, 1537.745pt x 483.8075pt>
File: images/search-engine-2.jpg Graphic file (type jpg)
<use images/search-engine-2.jpg>
Package pdftex.def Info: images/search-engine-2.jpg  used on input line 797.
(pdftex.def)             Requested size: 307.54355pt x 96.75978pt.
 [120

 <./images/search-engine-1.jpg> <./images/search-engine-2.jpg>]
<images/search-engine-3.jpg, id=3746, 1591.9475pt x 511.9125pt>
File: images/search-engine-3.jpg Graphic file (type jpg)
<use images/search-engine-3.jpg>
Package pdftex.def Info: images/search-engine-3.jpg  used on input line 806.
(pdftex.def)             Requested size: 358.19702pt x 115.18315pt.

Overfull \hbox (15.90172pt too wide) in paragraph at lines 806--806
 [] 
 []

[121

 <./images/search-engine-3.jpg>]
<images/search-engine-4.jpg, id=3776, 1311.90125pt x 679.53876pt>
File: images/search-engine-4.jpg Graphic file (type jpg)
<use images/search-engine-4.jpg>
Package pdftex.def Info: images/search-engine-4.jpg  used on input line 813.
(pdftex.def)             Requested size: 327.9745pt x 169.88428pt.
 [122

 <./images/search-engine-4.jpg>]
<images/conversational-1.jpg, id=3805, 1130.2225pt x 854.19125pt>
File: images/conversational-1.jpg Graphic file (type jpg)
<use images/conversational-1.jpg>
Package pdftex.def Info: images/conversational-1.jpg  used on input line 822.
(pdftex.def)             Requested size: 254.30634pt x 192.19777pt.

[123

 <./images/conversational-1.jpg>]
<images/text-generation.jpg, id=3835, 1569.865pt x 759.83875pt>
File: images/text-generation.jpg Graphic file (type jpg)
<use images/text-generation.jpg>
Package pdftex.def Info: images/text-generation.jpg  used on input line 833.
(pdftex.def)             Requested size: 313.96744pt x 151.96506pt.
 [124

 <./images/text-generation.jpg>]
LaTeX Font Info:    Font shape `T1/phv/m/it' in size <10> not available
(Font)              Font shape `T1/phv/m/sl' tried instead on input line 853.
LaTeX Font Info:    Font shape `T1/phv/m/it' in size <7> not available
(Font)              Font shape `T1/phv/m/sl' tried instead on input line 853.
LaTeX Font Info:    Font shape `T1/phv/m/it' in size <5> not available
(Font)              Font shape `T1/phv/m/sl' tried instead on input line 853.
LaTeX Font Info:    Font shape `T1/phv/bx/it' in size <10> not available
(Font)              Font shape `T1/phv/b/it' tried instead on input line 853.
LaTeX Font Info:    Font shape `T1/phv/b/it' in size <10> not available
(Font)              Font shape `T1/phv/b/sl' tried instead on input line 853.
LaTeX Font Info:    Font shape `T1/phv/bx/it' in size <7> not available
(Font)              Font shape `T1/phv/b/it' tried instead on input line 853.
LaTeX Font Info:    Font shape `T1/phv/b/it' in size <7> not available
(Font)              Font shape `T1/phv/b/sl' tried instead on input line 853.
LaTeX Font Info:    Font shape `T1/phv/bx/it' in size <5> not available
(Font)              Font shape `T1/phv/b/it' tried instead on input line 853.
LaTeX Font Info:    Font shape `T1/phv/b/it' in size <5> not available
(Font)              Font shape `T1/phv/b/sl' tried instead on input line 853.
<four-stars.png, id=3866, 234.8775pt x 63.23625pt>
File: four-stars.png Graphic file (type png)
<use four-stars.png>
Package pdftex.def Info: four-stars.png  used on input line 853.
(pdftex.def)             Requested size: 58.71922pt x 15.80902pt.
<one-star.png, id=3867, 54.2025pt x 59.22125pt>
File: one-star.png Graphic file (type png)
<use one-star.png>
Package pdftex.def Info: one-star.png  used on input line 853.
(pdftex.def)             Requested size: 13.55058pt x 14.80527pt.

[125

 <./four-stars.png> <./one-star.png>]
File: four-stars.png Graphic file (type png)
<use four-stars.png>
Package pdftex.def Info: four-stars.png  used on input line 853.
(pdftex.def)             Requested size: 58.71922pt x 15.80902pt.
File: one-star.png Graphic file (type png)
<use one-star.png>
Package pdftex.def Info: one-star.png  used on input line 853.
(pdftex.def)             Requested size: 13.55058pt x 14.80527pt.
 [126

]
File: four-stars.png Graphic file (type png)
<use four-stars.png>
Package pdftex.def Info: four-stars.png  used on input line 853.
(pdftex.def)             Requested size: 58.71922pt x 15.80902pt.
File: one-star.png Graphic file (type png)
<use one-star.png>
Package pdftex.def Info: one-star.png  used on input line 853.
(pdftex.def)             Requested size: 13.55058pt x 14.80527pt.
 [127

]
File: four-stars.png Graphic file (type png)
<use four-stars.png>
Package pdftex.def Info: four-stars.png  used on input line 853.
(pdftex.def)             Requested size: 58.71922pt x 15.80902pt.
File: one-star.png Graphic file (type png)
<use one-star.png>
Package pdftex.def Info: one-star.png  used on input line 853.
(pdftex.def)             Requested size: 13.55058pt x 14.80527pt.
 [128

]
File: four-stars.png Graphic file (type png)
<use four-stars.png>
Package pdftex.def Info: four-stars.png  used on input line 853.
(pdftex.def)             Requested size: 58.71922pt x 15.80902pt.
File: one-star.png Graphic file (type png)
<use one-star.png>
Package pdftex.def Info: one-star.png  used on input line 853.
(pdftex.def)             Requested size: 13.55058pt x 14.80527pt.
 [129

]
File: four-stars.png Graphic file (type png)
<use four-stars.png>
Package pdftex.def Info: four-stars.png  used on input line 853.
(pdftex.def)             Requested size: 58.71922pt x 15.80902pt.
File: one-star.png Graphic file (type png)
<use one-star.png>
Package pdftex.def Info: one-star.png  used on input line 853.
(pdftex.def)             Requested size: 13.55058pt x 14.80527pt.
 [130

]
<images/phrase-translation.jpg, id=4041, 1534.73375pt x 272.01625pt>
File: images/phrase-translation.jpg Graphic file (type jpg)
<use images/phrase-translation.jpg>
Package pdftex.def Info: images/phrase-translation.jpg  used on input line 870.

(pdftex.def)             Requested size: 306.94131pt x 54.40228pt.

Overfull \hbox (21.90005pt too wide) in paragraph at lines 870--870
[][] 
 []

[131

 <./images/phrase-translation.jpg>]
<images/edit-distance.jpg, id=4070, 781.92125pt x 290.08376pt>
File: images/edit-distance.jpg Graphic file (type jpg)
<use images/edit-distance.jpg>
Package pdftex.def Info: images/edit-distance.jpg  used on input line 881.
(pdftex.def)             Requested size: 156.38147pt x 58.01572pt.
 [132

 <./images/edit-distance.jpg>]
<speech-1.png, id=4099, 933.4875pt x 270.00874pt>
File: speech-1.png Graphic file (type png)
<use speech-1.png>
Package pdftex.def Info: speech-1.png  used on input line 894.
(pdftex.def)             Requested size: 233.3713pt x 67.50201pt.
<smart-speakers.png, id=4100, 1432.35126pt x 448.67625pt>
File: smart-speakers.png Graphic file (type png)
<use smart-speakers.png>
Package pdftex.def Info: smart-speakers.png  used on input line 894.
(pdftex.def)             Requested size: 286.46518pt x 89.73366pt.

[133

 <./speech-1.png> <./smart-speakers.png>]
File: speech-1.png Graphic file (type png)
<use speech-1.png>
Package pdftex.def Info: speech-1.png  used on input line 894.
(pdftex.def)             Requested size: 233.3713pt x 67.50201pt.
File: smart-speakers.png Graphic file (type png)
<use smart-speakers.png>
Package pdftex.def Info: smart-speakers.png  used on input line 894.
(pdftex.def)             Requested size: 286.46518pt x 89.73366pt.
 [134

]
LaTeX Font Info:    Trying to load font information for T1+pcr on input line 90
7.

(/usr/local/texlive/2021/texmf-dist/tex/latex/psnfss/t1pcr.fd
File: t1pcr.fd 2001/06/04 font definitions for T1/pcr.
) [135

] [136

]
<images/time-series-forecasting.jpg, id=4218, 1391.1975pt x 713.66624pt>
File: images/time-series-forecasting.jpg Graphic file (type jpg)
<use images/time-series-forecasting.jpg>
Package pdftex.def Info: images/time-series-forecasting.jpg  used on input line
 914.
(pdftex.def)             Requested size: 347.79852pt x 178.41612pt.

Overfull \hbox (5.50322pt too wide) in paragraph at lines 914--914
 [] 
 []

[137

 <./images/time-series-forecasting.jpg>] [138

] [139

]
<fourexamples-time-series.png, id=4310, 505.89pt x 312.41719pt>
File: fourexamples-time-series.png Graphic file (type png)
<use fourexamples-time-series.png>
Package pdftex.def Info: fourexamples-time-series.png  used on input line 922.
(pdftex.def)             Requested size: 252.94437pt x 156.2082pt.
 [140

 <./fourexamples-time-series.png>] [141

]
<classical-empl-1.png, id=4369, 505.89pt x 454.69875pt>
File: classical-empl-1.png Graphic file (type png)
<use classical-empl-1.png>
Package pdftex.def Info: classical-empl-1.png  used on input line 930.
(pdftex.def)             Requested size: 202.3524pt x 181.87627pt.
 [142

 <./classical-empl-1.png>] [143

]
<x11-1.png, id=4427, 505.89pt x 429.85594pt>
File: x11-1.png Graphic file (type png)
<use x11-1.png>
Package pdftex.def Info: x11-1.png  used on input line 938.
(pdftex.def)             Requested size: 202.3524pt x 171.93933pt.
 [144

 <./x11-1.png>]
<images/prophet-symbol.png, id=4456, 483.8075pt x 138.5175pt>
File: images/prophet-symbol.png Graphic file (type png)
<use images/prophet-symbol.png>
Package pdftex.def Info: images/prophet-symbol.png  used on input line 948.
(pdftex.def)             Requested size: 120.95157pt x 34.62929pt.
<images/facebook-prophet-model.png, id=4458, 716.6775pt x 445.665pt>
File: images/facebook-prophet-model.png Graphic file (type png)
<use images/facebook-prophet-model.png>
Package pdftex.def Info: images/facebook-prophet-model.png  used on input line 
948.
(pdftex.def)             Requested size: 250.84088pt x 155.98508pt.

Overfull \vbox (7.27982pt too high) detected at line 948
 []

[145

 <./images/prophet-symbol.png (PNG copy)> <./images/facebook-prophet-model.png>
]
<reinforcement-learning.png, id=4490, 1017.8025pt x 498.86375pt>
File: reinforcement-learning.png Graphic file (type png)
<use reinforcement-learning.png>
Package pdftex.def Info: reinforcement-learning.png  used on input line 956.
(pdftex.def)             Requested size: 330.78189pt x 162.1288pt.
 [146

 <./reinforcement-learning.png>]
<reinforcement-learning-2.png, id=4521, 616.3025pt x 422.57875pt>
File: reinforcement-learning-2.png Graphic file (type png)
<use reinforcement-learning-2.png>
Package pdftex.def Info: reinforcement-learning-2.png  used on input line 964.
(pdftex.def)             Requested size: 200.29593pt x 137.33646pt.
 [147

 <./reinforcement-learning-2.png>] [148

]
<GANs.png, id=4587, 1251.67625pt x 321.2pt>
File: GANs.png Graphic file (type png)
<use GANs.png>
Package pdftex.def Info: GANs.png  used on input line 981.
(pdftex.def)             Requested size: 312.91829pt x 80.2998pt.
 [149

 <./GANs.png>] [150

] [151

]
<images/peta-topik-huawei-ai.png, id=4681, 1772.6225pt x 1013.7875pt>
File: images/peta-topik-huawei-ai.png Graphic file (type png)
<use images/peta-topik-huawei-ai.png>
Package pdftex.def Info: images/peta-topik-huawei-ai.png  used on input line 10
15.
(pdftex.def)             Requested size: 319.05829pt x 182.47388pt.
 [152

 <./images/peta-topik-huawei-ai.png>]
LaTeX Font Info:    Font shape `T1/phv/m/it' in size <14.4> not available
(Font)              Font shape `T1/phv/m/sl' tried instead on input line 1031.
 [153

] (./2022-slides-AI_for_everyone.bbl
LaTeX Font Info:    Font shape `T1/phv/m/it' in size <9> not available
(Font)              Font shape `T1/phv/m/sl' tried instead on input line 7.
LaTeX Font Info:    Font shape `T1/phv/bx/it' in size <9> not available
(Font)              Font shape `T1/phv/b/it' tried instead on input line 7.
LaTeX Font Info:    Font shape `T1/phv/b/it' in size <9> not available
(Font)              Font shape `T1/phv/b/sl' tried instead on input line 7.
) [154

] [155


]
<Logo-Maranatha-Untuk-Belakang-02.png, id=4802, 315.42844pt x 127.97812pt>
File: Logo-Maranatha-Untuk-Belakang-02.png Graphic file (type png)
<use Logo-Maranatha-Untuk-Belakang-02.png>
Package pdftex.def Info: Logo-Maranatha-Untuk-Belakang-02.png  used on input li
ne 1085.
(pdftex.def)             Requested size: 157.71382pt x 63.98889pt.
 [156

 <./Logo-Maranatha-Untuk-Belakang-02.png>]
\tf@nav=\write6
\openout6 = `2022-slides-AI_for_everyone.nav'.

\tf@toc=\write7
\openout7 = `2022-slides-AI_for_everyone.toc'.

\tf@snm=\write8
\openout8 = `2022-slides-AI_for_everyone.snm'.

 (./2022-slides-AI_for_everyone.aux)
Package rerunfilecheck Info: File `2022-slides-AI_for_everyone.out' has not cha
nged.
(rerunfilecheck)             Checksum: 718756742501F72EA24A1912E68E0BA4;2181.
 ) 
Here is how much of TeX's memory you used:
 28280 strings out of 478278
 545872 string characters out of 5846561
 786815 words of memory out of 5000000
 45496 multiletter control sequences out of 15000+600000
 551061 words of font info for 138 fonts, out of 8000000 for 9000
 1141 hyphenation exceptions out of 8191
 128i,15n,122p,431b,928s stack positions out of 5000i,500n,10000p,200000b,80000s
{/usr/local/texlive/2021/texmf-dist/fonts/enc/dvips/base/8r.enc}</usr/local/t
exlive/2021/texmf-dist/fonts/type1/public/amsfonts/cm/cmmi10.pfb></usr/local/te
xlive/2021/texmf-dist/fonts/type1/public/amsfonts/cm/cmss10.pfb></usr/local/tex
live/2021/texmf-dist/fonts/type1/public/amsfonts/cm/cmsy10.pfb></usr/local/texl
ive/2021/texmf-dist/fonts/type1/public/amsfonts/symbols/msbm10.pfb></usr/local/
texlive/2021/texmf-dist/fonts/type1/urw/courier/ucrr8a.pfb></usr/local/texlive/
2021/texmf-dist/fonts/type1/urw/helvetic/uhvb8a.pfb></usr/local/texlive/2021/te
xmf-dist/fonts/type1/urw/helvetic/uhvbo8a.pfb></usr/local/texlive/2021/texmf-di
st/fonts/type1/urw/helvetic/uhvr8a.pfb></usr/local/texlive/2021/texmf-dist/font
s/type1/urw/helvetic/uhvro8a.pfb>
Output written on 2022-slides-AI_for_everyone.pdf (156 pages, 11929291 bytes).
PDF statistics:
 4949 PDF objects out of 5155 (max. 8388607)
 4594 compressed objects within 46 object streams
 343 named destinations out of 1000 (max. 500000)
 547 words of extra memory for PDF output out of 10000 (max. 10000000)

