This is pdfTeX, Version 3.141592653-2.6-1.40.25 (TeX Live 2023) (preloaded format=pdflatex 2023.11.23)  6 DEC 2023 18:53
entering extended mode
 restricted \write18 enabled.
 %&-line parsing enabled.
**2023-slides-AI_for_everyone.tex
(./2023-slides-AI_for_everyone.tex
LaTeX2e <2022-11-01> patch level 1
L3 programming layer <2023-02-22>
(/usr/share/texlive/texmf-dist/tex/latex/beamer/beamer.cls
Document Class: beamer 2023/02/20 v3.69 A class for typesetting presentations
(/usr/share/texlive/texmf-dist/tex/latex/beamer/beamerbasemodes.sty
(/usr/share/texlive/texmf-dist/tex/latex/etoolbox/etoolbox.sty
Package: etoolbox 2020/10/05 v2.5k e-TeX tools for LaTeX (JAW)
\etb@tempcnta=\count185
)
\beamer@tempbox=\box51
\beamer@tempcount=\count186
\c@beamerpauses=\count187

(/usr/share/texlive/texmf-dist/tex/latex/beamer/beamerbasedecode.sty
\beamer@slideinframe=\count188
\beamer@minimum=\count189
\beamer@decode@box=\box52
)
\beamer@commentbox=\box53
\beamer@modecount=\count190
)
(/usr/share/texlive/texmf-dist/tex/generic/iftex/iftex.sty
Package: iftex 2022/02/03 v1.0f TeX engine tests
)
\headdp=\dimen140
\footheight=\dimen141
\sidebarheight=\dimen142
\beamer@tempdim=\dimen143
\beamer@finalheight=\dimen144
\beamer@animht=\dimen145
\beamer@animdp=\dimen146
\beamer@animwd=\dimen147
\beamer@leftmargin=\dimen148
\beamer@rightmargin=\dimen149
\beamer@leftsidebar=\dimen150
\beamer@rightsidebar=\dimen151
\beamer@boxsize=\dimen152
\beamer@vboxoffset=\dimen153
\beamer@descdefault=\dimen154
\beamer@descriptionwidth=\dimen155
\beamer@lastskip=\skip48
\beamer@areabox=\box54
\beamer@animcurrent=\box55
\beamer@animshowbox=\box56
\beamer@sectionbox=\box57
\beamer@logobox=\box58
\beamer@linebox=\box59
\beamer@sectioncount=\count191
\beamer@subsubsectionmax=\count192
\beamer@subsectionmax=\count193
\beamer@sectionmax=\count194
\beamer@totalheads=\count195
\beamer@headcounter=\count196
\beamer@partstartpage=\count197
\beamer@sectionstartpage=\count198
\beamer@subsectionstartpage=\count199
\beamer@animationtempa=\count266
\beamer@animationtempb=\count267
\beamer@xpos=\count268
\beamer@ypos=\count269
\beamer@ypos@offset=\count270
\beamer@showpartnumber=\count271
\beamer@currentsubsection=\count272
\beamer@coveringdepth=\count273
\beamer@sectionadjust=\count274
\beamer@toclastsection=\count275
\beamer@tocsectionnumber=\count276

(/usr/share/texlive/texmf-dist/tex/latex/beamer/beamerbaseoptions.sty
(/usr/share/texlive/texmf-dist/tex/latex/graphics/keyval.sty
Package: keyval 2022/05/29 v1.15 key=value parser (DPC)
\KV@toks@=\toks16
))
\beamer@paperwidth=\skip49
\beamer@paperheight=\skip50

(/usr/share/texlive/texmf-dist/tex/latex/geometry/geometry.sty
Package: geometry 2020/01/02 v5.9 Page Geometry

(/usr/share/texlive/texmf-dist/tex/generic/iftex/ifvtex.sty
Package: ifvtex 2019/10/25 v1.7 ifvtex legacy package. Use iftex instead.
)
\Gm@cnth=\count277
\Gm@cntv=\count278
\c@Gm@tempcnt=\count279
\Gm@bindingoffset=\dimen156
\Gm@wd@mp=\dimen157
\Gm@odd@mp=\dimen158
\Gm@even@mp=\dimen159
\Gm@layoutwidth=\dimen160
\Gm@layoutheight=\dimen161
\Gm@layouthoffset=\dimen162
\Gm@layoutvoffset=\dimen163
\Gm@dimlist=\toks17
)
(/usr/share/texlive/texmf-dist/tex/latex/pgf/math/pgfmath.sty
(/usr/share/texlive/texmf-dist/tex/latex/pgf/utilities/pgfrcs.sty
(/usr/share/texlive/texmf-dist/tex/generic/pgf/utilities/pgfutil-common.tex
\pgfutil@everybye=\toks18
\pgfutil@tempdima=\dimen164
\pgfutil@tempdimb=\dimen165
)
(/usr/share/texlive/texmf-dist/tex/generic/pgf/utilities/pgfutil-latex.def
\pgfutil@abb=\box60
)
(/usr/share/texlive/texmf-dist/tex/generic/pgf/utilities/pgfrcs.code.tex
(/usr/share/texlive/texmf-dist/tex/generic/pgf/pgf.revision.tex)
Package: pgfrcs 2023-01-15 v3.1.10 (3.1.10)
))
(/usr/share/texlive/texmf-dist/tex/latex/pgf/utilities/pgfkeys.sty
(/usr/share/texlive/texmf-dist/tex/generic/pgf/utilities/pgfkeys.code.tex
\pgfkeys@pathtoks=\toks19
\pgfkeys@temptoks=\toks20

(/usr/share/texlive/texmf-dist/tex/generic/pgf/utilities/pgfkeyslibraryfiltered
.code.tex
\pgfkeys@tmptoks=\toks21
)))
(/usr/share/texlive/texmf-dist/tex/generic/pgf/math/pgfmath.code.tex
(/usr/share/texlive/texmf-dist/tex/generic/pgf/math/pgfmathutil.code.tex
\pgf@x=\dimen166
\pgf@xa=\dimen167
\pgf@xb=\dimen168
\pgf@xc=\dimen169
\pgf@y=\dimen170
\pgf@ya=\dimen171
\pgf@yb=\dimen172
\pgf@yc=\dimen173
\c@pgf@counta=\count280
\c@pgf@countb=\count281
\c@pgf@countc=\count282
\c@pgf@countd=\count283
)
(/usr/share/texlive/texmf-dist/tex/generic/pgf/math/pgfmathparser.code.tex
\pgfmath@dimen=\dimen174
\pgfmath@count=\count284
\pgfmath@box=\box61
\pgfmath@toks=\toks22
\pgfmath@stack@operand=\toks23
\pgfmath@stack@operation=\toks24
)
(/usr/share/texlive/texmf-dist/tex/generic/pgf/math/pgfmathfunctions.code.tex)
(/usr/share/texlive/texmf-dist/tex/generic/pgf/math/pgfmathfunctions.basic.code
.tex)
(/usr/share/texlive/texmf-dist/tex/generic/pgf/math/pgfmathfunctions.trigonomet
ric.code.tex)
(/usr/share/texlive/texmf-dist/tex/generic/pgf/math/pgfmathfunctions.random.cod
e.tex)
(/usr/share/texlive/texmf-dist/tex/generic/pgf/math/pgfmathfunctions.comparison
.code.tex)
(/usr/share/texlive/texmf-dist/tex/generic/pgf/math/pgfmathfunctions.base.code.
tex)
(/usr/share/texlive/texmf-dist/tex/generic/pgf/math/pgfmathfunctions.round.code
.tex)
(/usr/share/texlive/texmf-dist/tex/generic/pgf/math/pgfmathfunctions.misc.code.
tex)
(/usr/share/texlive/texmf-dist/tex/generic/pgf/math/pgfmathfunctions.integerari
thmetics.code.tex)
(/usr/share/texlive/texmf-dist/tex/generic/pgf/math/pgfmathcalc.code.tex)
(/usr/share/texlive/texmf-dist/tex/generic/pgf/math/pgfmathfloat.code.tex
\c@pgfmathroundto@lastzeros=\count285
)))
(/usr/share/texlive/texmf-dist/tex/latex/base/size11.clo
File: size11.clo 2022/07/02 v1.4n Standard LaTeX file (size option)
)
(/usr/share/texlive/texmf-dist/tex/latex/pgf/basiclayer/pgfcore.sty
(/usr/share/texlive/texmf-dist/tex/latex/graphics/graphicx.sty
Package: graphicx 2021/09/16 v1.2d Enhanced LaTeX Graphics (DPC,SPQR)

(/usr/share/texlive/texmf-dist/tex/latex/graphics/graphics.sty
Package: graphics 2022/03/10 v1.4e Standard LaTeX Graphics (DPC,SPQR)

(/usr/share/texlive/texmf-dist/tex/latex/graphics/trig.sty
Package: trig 2021/08/11 v1.11 sin cos tan (DPC)
)
(/usr/share/texlive/texmf-dist/tex/latex/graphics-cfg/graphics.cfg
File: graphics.cfg 2016/06/04 v1.11 sample graphics configuration
)
Package graphics Info: Driver file: pdftex.def on input line 107.

(/usr/share/texlive/texmf-dist/tex/latex/graphics-def/pdftex.def
File: pdftex.def 2022/09/22 v1.2b Graphics/color driver for pdftex
))
\Gin@req@height=\dimen175
\Gin@req@width=\dimen176
)
(/usr/share/texlive/texmf-dist/tex/latex/pgf/systemlayer/pgfsys.sty
(/usr/share/texlive/texmf-dist/tex/generic/pgf/systemlayer/pgfsys.code.tex
Package: pgfsys 2023-01-15 v3.1.10 (3.1.10)
\pgf@x=\dimen177
\pgf@y=\dimen178
\pgf@xa=\dimen179
\pgf@ya=\dimen180
\pgf@xb=\dimen181
\pgf@yb=\dimen182
\pgf@xc=\dimen183
\pgf@yc=\dimen184
\pgf@xd=\dimen185
\pgf@yd=\dimen186
\w@pgf@writea=\write3
\r@pgf@reada=\read2
\c@pgf@counta=\count286
\c@pgf@countb=\count287
\c@pgf@countc=\count288
\c@pgf@countd=\count289
\t@pgf@toka=\toks25
\t@pgf@tokb=\toks26
\t@pgf@tokc=\toks27
\pgf@sys@id@count=\count290

(/usr/share/texlive/texmf-dist/tex/generic/pgf/systemlayer/pgf.cfg
File: pgf.cfg 2023-01-15 v3.1.10 (3.1.10)
)
Driver file for pgf: pgfsys-pdftex.def

(/usr/share/texlive/texmf-dist/tex/generic/pgf/systemlayer/pgfsys-pdftex.def
File: pgfsys-pdftex.def 2023-01-15 v3.1.10 (3.1.10)

(/usr/share/texlive/texmf-dist/tex/generic/pgf/systemlayer/pgfsys-common-pdf.de
f
File: pgfsys-common-pdf.def 2023-01-15 v3.1.10 (3.1.10)
)))
(/usr/share/texlive/texmf-dist/tex/generic/pgf/systemlayer/pgfsyssoftpath.code.
tex
File: pgfsyssoftpath.code.tex 2023-01-15 v3.1.10 (3.1.10)
\pgfsyssoftpath@smallbuffer@items=\count291
\pgfsyssoftpath@bigbuffer@items=\count292
)
(/usr/share/texlive/texmf-dist/tex/generic/pgf/systemlayer/pgfsysprotocol.code.
tex
File: pgfsysprotocol.code.tex 2023-01-15 v3.1.10 (3.1.10)
)) (/usr/share/texlive/texmf-dist/tex/latex/xcolor/xcolor.sty
Package: xcolor 2022/06/12 v2.14 LaTeX color extensions (UK)

(/usr/share/texlive/texmf-dist/tex/latex/graphics-cfg/color.cfg
File: color.cfg 2016/01/02 v1.6 sample color configuration
)
Package xcolor Info: Driver file: pdftex.def on input line 227.

(/usr/share/texlive/texmf-dist/tex/latex/graphics/mathcolor.ltx)
Package xcolor Info: Model `cmy' substituted by `cmy0' on input line 1353.
Package xcolor Info: Model `hsb' substituted by `rgb' on input line 1357.
Package xcolor Info: Model `RGB' extended on input line 1369.
Package xcolor Info: Model `HTML' substituted by `rgb' on input line 1371.
Package xcolor Info: Model `Hsb' substituted by `hsb' on input line 1372.
Package xcolor Info: Model `tHsb' substituted by `hsb' on input line 1373.
Package xcolor Info: Model `HSB' substituted by `hsb' on input line 1374.
Package xcolor Info: Model `Gray' substituted by `gray' on input line 1375.
Package xcolor Info: Model `wave' substituted by `hsb' on input line 1376.
)
(/usr/share/texlive/texmf-dist/tex/generic/pgf/basiclayer/pgfcore.code.tex
Package: pgfcore 2023-01-15 v3.1.10 (3.1.10)

(/usr/share/texlive/texmf-dist/tex/generic/pgf/math/pgfint.code.tex)
(/usr/share/texlive/texmf-dist/tex/generic/pgf/basiclayer/pgfcorepoints.code.te
x
File: pgfcorepoints.code.tex 2023-01-15 v3.1.10 (3.1.10)
\pgf@picminx=\dimen187
\pgf@picmaxx=\dimen188
\pgf@picminy=\dimen189
\pgf@picmaxy=\dimen190
\pgf@pathminx=\dimen191
\pgf@pathmaxx=\dimen192
\pgf@pathminy=\dimen193
\pgf@pathmaxy=\dimen194
\pgf@xx=\dimen195
\pgf@xy=\dimen196
\pgf@yx=\dimen197
\pgf@yy=\dimen198
\pgf@zx=\dimen199
\pgf@zy=\dimen256
)
(/usr/share/texlive/texmf-dist/tex/generic/pgf/basiclayer/pgfcorepathconstruct.
code.tex
File: pgfcorepathconstruct.code.tex 2023-01-15 v3.1.10 (3.1.10)
\pgf@path@lastx=\dimen257
\pgf@path@lasty=\dimen258
)
(/usr/share/texlive/texmf-dist/tex/generic/pgf/basiclayer/pgfcorepathusage.code
.tex
File: pgfcorepathusage.code.tex 2023-01-15 v3.1.10 (3.1.10)
\pgf@shorten@end@additional=\dimen259
\pgf@shorten@start@additional=\dimen260
)
(/usr/share/texlive/texmf-dist/tex/generic/pgf/basiclayer/pgfcorescopes.code.te
x
File: pgfcorescopes.code.tex 2023-01-15 v3.1.10 (3.1.10)
\pgfpic=\box62
\pgf@hbox=\box63
\pgf@layerbox@main=\box64
\pgf@picture@serial@count=\count293
)
(/usr/share/texlive/texmf-dist/tex/generic/pgf/basiclayer/pgfcoregraphicstate.c
ode.tex
File: pgfcoregraphicstate.code.tex 2023-01-15 v3.1.10 (3.1.10)
\pgflinewidth=\dimen261
)
(/usr/share/texlive/texmf-dist/tex/generic/pgf/basiclayer/pgfcoretransformation
s.code.tex
File: pgfcoretransformations.code.tex 2023-01-15 v3.1.10 (3.1.10)
\pgf@pt@x=\dimen262
\pgf@pt@y=\dimen263
\pgf@pt@temp=\dimen264
)
(/usr/share/texlive/texmf-dist/tex/generic/pgf/basiclayer/pgfcorequick.code.tex
File: pgfcorequick.code.tex 2023-01-15 v3.1.10 (3.1.10)
)
(/usr/share/texlive/texmf-dist/tex/generic/pgf/basiclayer/pgfcoreobjects.code.t
ex
File: pgfcoreobjects.code.tex 2023-01-15 v3.1.10 (3.1.10)
)
(/usr/share/texlive/texmf-dist/tex/generic/pgf/basiclayer/pgfcorepathprocessing
.code.tex
File: pgfcorepathprocessing.code.tex 2023-01-15 v3.1.10 (3.1.10)
)
(/usr/share/texlive/texmf-dist/tex/generic/pgf/basiclayer/pgfcorearrows.code.te
x
File: pgfcorearrows.code.tex 2023-01-15 v3.1.10 (3.1.10)
\pgfarrowsep=\dimen265
)
(/usr/share/texlive/texmf-dist/tex/generic/pgf/basiclayer/pgfcoreshade.code.tex
File: pgfcoreshade.code.tex 2023-01-15 v3.1.10 (3.1.10)
\pgf@max=\dimen266
\pgf@sys@shading@range@num=\count294
\pgf@shadingcount=\count295
)
(/usr/share/texlive/texmf-dist/tex/generic/pgf/basiclayer/pgfcoreimage.code.tex
File: pgfcoreimage.code.tex 2023-01-15 v3.1.10 (3.1.10)
)
(/usr/share/texlive/texmf-dist/tex/generic/pgf/basiclayer/pgfcoreexternal.code.
tex
File: pgfcoreexternal.code.tex 2023-01-15 v3.1.10 (3.1.10)
\pgfexternal@startupbox=\box65
)
(/usr/share/texlive/texmf-dist/tex/generic/pgf/basiclayer/pgfcorelayers.code.te
x
File: pgfcorelayers.code.tex 2023-01-15 v3.1.10 (3.1.10)
)
(/usr/share/texlive/texmf-dist/tex/generic/pgf/basiclayer/pgfcoretransparency.c
ode.tex
File: pgfcoretransparency.code.tex 2023-01-15 v3.1.10 (3.1.10)
)
(/usr/share/texlive/texmf-dist/tex/generic/pgf/basiclayer/pgfcorepatterns.code.
tex
File: pgfcorepatterns.code.tex 2023-01-15 v3.1.10 (3.1.10)
)
(/usr/share/texlive/texmf-dist/tex/generic/pgf/basiclayer/pgfcorerdf.code.tex
File: pgfcorerdf.code.tex 2023-01-15 v3.1.10 (3.1.10)
))) (/usr/share/texlive/texmf-dist/tex/latex/pgf/utilities/xxcolor.sty
Package: xxcolor 2003/10/24 ver 0.1
\XC@nummixins=\count296
\XC@countmixins=\count297
)
(/usr/share/texlive/texmf-dist/tex/latex/base/atbegshi-ltx.sty
Package: atbegshi-ltx 2021/01/10 v1.0c Emulation of the original atbegshi
package with kernel methods
)
(/usr/share/texlive/texmf-dist/tex/latex/hyperref/hyperref.sty
Package: hyperref 2023-02-07 v7.00v Hypertext links for LaTeX

(/usr/share/texlive/texmf-dist/tex/generic/ltxcmds/ltxcmds.sty
Package: ltxcmds 2020-05-10 v1.25 LaTeX kernel commands for general use (HO)
)
(/usr/share/texlive/texmf-dist/tex/generic/pdftexcmds/pdftexcmds.sty
Package: pdftexcmds 2020-06-27 v0.33 Utility functions of pdfTeX for LuaTeX (HO
)

(/usr/share/texlive/texmf-dist/tex/generic/infwarerr/infwarerr.sty
Package: infwarerr 2019/12/03 v1.5 Providing info/warning/error messages (HO)
)
Package pdftexcmds Info: \pdf@primitive is available.
Package pdftexcmds Info: \pdf@ifprimitive is available.
Package pdftexcmds Info: \pdfdraftmode found.
)
(/usr/share/texlive/texmf-dist/tex/latex/kvsetkeys/kvsetkeys.sty
Package: kvsetkeys 2022-10-05 v1.19 Key value parser (HO)
)
(/usr/share/texlive/texmf-dist/tex/generic/kvdefinekeys/kvdefinekeys.sty
Package: kvdefinekeys 2019-12-19 v1.6 Define keys (HO)
)
(/usr/share/texlive/texmf-dist/tex/generic/pdfescape/pdfescape.sty
Package: pdfescape 2019/12/09 v1.15 Implements pdfTeX's escape features (HO)
)
(/usr/share/texlive/texmf-dist/tex/latex/hycolor/hycolor.sty
Package: hycolor 2020-01-27 v1.10 Color options for hyperref/bookmark (HO)
)
(/usr/share/texlive/texmf-dist/tex/latex/letltxmacro/letltxmacro.sty
Package: letltxmacro 2019/12/03 v1.6 Let assignment for LaTeX macros (HO)
)
(/usr/share/texlive/texmf-dist/tex/latex/auxhook/auxhook.sty
Package: auxhook 2019-12-17 v1.6 Hooks for auxiliary files (HO)
)
(/usr/share/texlive/texmf-dist/tex/latex/hyperref/nameref.sty
Package: nameref 2022-05-17 v2.50 Cross-referencing by name of section

(/usr/share/texlive/texmf-dist/tex/latex/refcount/refcount.sty
Package: refcount 2019/12/15 v3.6 Data extraction from label references (HO)
)
(/usr/share/texlive/texmf-dist/tex/generic/gettitlestring/gettitlestring.sty
Package: gettitlestring 2019/12/15 v1.6 Cleanup title references (HO)

(/usr/share/texlive/texmf-dist/tex/latex/kvoptions/kvoptions.sty
Package: kvoptions 2022-06-15 v3.15 Key value format for package options (HO)
))
\c@section@level=\count298
)
\@linkdim=\dimen267
\Hy@linkcounter=\count299
\Hy@pagecounter=\count300

(/usr/share/texlive/texmf-dist/tex/latex/hyperref/pd1enc.def
File: pd1enc.def 2023-02-07 v7.00v Hyperref: PDFDocEncoding definition (HO)
Now handling font encoding PD1 ...
... no UTF-8 mapping file for font encoding PD1
)
(/usr/share/texlive/texmf-dist/tex/generic/intcalc/intcalc.sty
Package: intcalc 2019/12/15 v1.3 Expandable calculations with integers (HO)
)
(/usr/share/texlive/texmf-dist/tex/generic/etexcmds/etexcmds.sty
Package: etexcmds 2019/12/15 v1.7 Avoid name clashes with e-TeX commands (HO)
)
\Hy@SavedSpaceFactor=\count301

(/usr/share/texlive/texmf-dist/tex/latex/hyperref/puenc.def
File: puenc.def 2023-02-07 v7.00v Hyperref: PDF Unicode definition (HO)
Now handling font encoding PU ...
... no UTF-8 mapping file for font encoding PU
)
Package hyperref Info: Option `bookmarks' set `true' on input line 4060.
Package hyperref Info: Option `bookmarksopen' set `true' on input line 4060.
Package hyperref Info: Option `implicit' set `false' on input line 4060.
Package hyperref Info: Hyper figures OFF on input line 4177.
Package hyperref Info: Link nesting OFF on input line 4182.
Package hyperref Info: Hyper index ON on input line 4185.
Package hyperref Info: Plain pages OFF on input line 4192.
Package hyperref Info: Backreferencing OFF on input line 4197.
Package hyperref Info: Implicit mode OFF; no redefinition of LaTeX internals.
Package hyperref Info: Bookmarks ON on input line 4425.
\c@Hy@tempcnt=\count302

(/usr/share/texlive/texmf-dist/tex/latex/url/url.sty
\Urlmuskip=\muskip16
Package: url 2013/09/16  ver 3.4  Verb mode for urls, etc.
)
LaTeX Info: Redefining \url on input line 4763.
\XeTeXLinkMargin=\dimen268

(/usr/share/texlive/texmf-dist/tex/generic/bitset/bitset.sty
Package: bitset 2019/12/09 v1.3 Handle bit-vector datatype (HO)

(/usr/share/texlive/texmf-dist/tex/generic/bigintcalc/bigintcalc.sty
Package: bigintcalc 2019/12/15 v1.5 Expandable calculations on big integers (HO
)
))
\Fld@menulength=\count303
\Field@Width=\dimen269
\Fld@charsize=\dimen270
Package hyperref Info: Hyper figures OFF on input line 6042.
Package hyperref Info: Link nesting OFF on input line 6047.
Package hyperref Info: Hyper index ON on input line 6050.
Package hyperref Info: backreferencing OFF on input line 6057.
Package hyperref Info: Link coloring OFF on input line 6062.
Package hyperref Info: Link coloring with OCG OFF on input line 6067.
Package hyperref Info: PDF/A mode OFF on input line 6072.
\Hy@abspage=\count304


Package hyperref Message: Stopped early.

)
Package hyperref Info: Driver (autodetected): hpdftex.
 (/usr/share/texlive/texmf-dist/tex/latex/hyperref/hpdftex.def
File: hpdftex.def 2023-02-07 v7.00v Hyperref driver for pdfTeX

(/usr/share/texlive/texmf-dist/tex/latex/base/atveryend-ltx.sty
Package: atveryend-ltx 2020/08/19 v1.0a Emulation of the original atveryend pac
kage
with kernel methods
)
\Fld@listcount=\count305
\c@bookmark@seq@number=\count306

(/usr/share/texlive/texmf-dist/tex/latex/rerunfilecheck/rerunfilecheck.sty
Package: rerunfilecheck 2022-07-10 v1.10 Rerun checks for auxiliary files (HO)

(/usr/share/texlive/texmf-dist/tex/generic/uniquecounter/uniquecounter.sty
Package: uniquecounter 2019/12/15 v1.4 Provide unlimited unique counter (HO)
)
Package uniquecounter Info: New unique counter `rerunfilecheck' on input line 2
85.
))
(/usr/share/texlive/texmf-dist/tex/latex/beamer/beamerbaserequires.sty
(/usr/share/texlive/texmf-dist/tex/latex/beamer/beamerbasecompatibility.sty)
(/usr/share/texlive/texmf-dist/tex/latex/beamer/beamerbasefont.sty
(/usr/share/texlive/texmf-dist/tex/latex/amsfonts/amssymb.sty
Package: amssymb 2013/01/14 v3.01 AMS font symbols

(/usr/share/texlive/texmf-dist/tex/latex/amsfonts/amsfonts.sty
Package: amsfonts 2013/01/14 v3.01 Basic AMSFonts support
\@emptytoks=\toks28
\symAMSa=\mathgroup4
\symAMSb=\mathgroup5
LaTeX Font Info:    Redeclaring math symbol \hbar on input line 98.
LaTeX Font Info:    Overwriting math alphabet `\mathfrak' in version `bold'
(Font)                  U/euf/m/n --> U/euf/b/n on input line 106.
))
(/usr/share/texlive/texmf-dist/tex/latex/sansmathaccent/sansmathaccent.sty
Package: sansmathaccent 2020/01/31

(/usr/share/texlive/texmf-dist/tex/latex/koma-script/scrlfile.sty
Package: scrlfile 2022/10/12 v3.38 KOMA-Script package (file load hooks)

(/usr/share/texlive/texmf-dist/tex/latex/koma-script/scrlfile-hook.sty
Package: scrlfile-hook 2022/10/12 v3.38 KOMA-Script package (using LaTeX hooks)


(/usr/share/texlive/texmf-dist/tex/latex/koma-script/scrlogo.sty
Package: scrlogo 2022/10/12 v3.38 KOMA-Script package (logo)
)))))
(/usr/share/texlive/texmf-dist/tex/latex/beamer/beamerbasetranslator.sty
(/usr/share/texlive/texmf-dist/tex/latex/translator/translator.sty
Package: translator 2021-05-31 v1.12d Easy translation of strings in LaTeX
))
(/usr/share/texlive/texmf-dist/tex/latex/beamer/beamerbasemisc.sty)
(/usr/share/texlive/texmf-dist/tex/latex/beamer/beamerbasetwoscreens.sty)
(/usr/share/texlive/texmf-dist/tex/latex/beamer/beamerbaseoverlay.sty
\beamer@argscount=\count307
\beamer@lastskipcover=\skip51
\beamer@trivlistdepth=\count308
)
(/usr/share/texlive/texmf-dist/tex/latex/beamer/beamerbasetitle.sty)
(/usr/share/texlive/texmf-dist/tex/latex/beamer/beamerbasesection.sty
\c@lecture=\count309
\c@part=\count310
\c@section=\count311
\c@subsection=\count312
\c@subsubsection=\count313
)
(/usr/share/texlive/texmf-dist/tex/latex/beamer/beamerbaseframe.sty
\beamer@framebox=\box66
\beamer@frametitlebox=\box67
\beamer@zoombox=\box68
\beamer@zoomcount=\count314
\beamer@zoomframecount=\count315
\beamer@frametextheight=\dimen271
\c@subsectionslide=\count316
\beamer@frametopskip=\skip52
\beamer@framebottomskip=\skip53
\beamer@frametopskipautobreak=\skip54
\beamer@framebottomskipautobreak=\skip55
\beamer@envbody=\toks29
\framewidth=\dimen272
\c@framenumber=\count317
)
(/usr/share/texlive/texmf-dist/tex/latex/beamer/beamerbaseverbatim.sty
\beamer@verbatimfileout=\write4
)
(/usr/share/texlive/texmf-dist/tex/latex/beamer/beamerbaseframesize.sty
\beamer@splitbox=\box69
\beamer@autobreakcount=\count318
\beamer@autobreaklastheight=\dimen273
\beamer@frametitletoks=\toks30
\beamer@framesubtitletoks=\toks31
)
(/usr/share/texlive/texmf-dist/tex/latex/beamer/beamerbaseframecomponents.sty
\beamer@footins=\box70
)
(/usr/share/texlive/texmf-dist/tex/latex/beamer/beamerbasecolor.sty)
(/usr/share/texlive/texmf-dist/tex/latex/beamer/beamerbasenotes.sty
\beamer@frameboxcopy=\box71
)
(/usr/share/texlive/texmf-dist/tex/latex/beamer/beamerbasetoc.sty)
(/usr/share/texlive/texmf-dist/tex/latex/beamer/beamerbasetemplates.sty
\beamer@sbttoks=\toks32

(/usr/share/texlive/texmf-dist/tex/latex/beamer/beamerbaseauxtemplates.sty
(/usr/share/texlive/texmf-dist/tex/latex/beamer/beamerbaseboxes.sty
\bmb@box=\box72
\bmb@colorbox=\box73
\bmb@boxwidth=\dimen274
\bmb@boxheight=\dimen275
\bmb@prevheight=\dimen276
\bmb@temp=\dimen277
\bmb@dima=\dimen278
\bmb@dimb=\dimen279
\bmb@prevheight=\dimen280
)
\beamer@blockheadheight=\dimen281
))
(/usr/share/texlive/texmf-dist/tex/latex/beamer/beamerbaselocalstructure.sty
(/usr/share/texlive/texmf-dist/tex/latex/tools/enumerate.sty
Package: enumerate 2015/07/23 v3.00 enumerate extensions (DPC)
\@enLab=\toks33
)
\beamer@bibiconwidth=\skip56
\c@figure=\count319
\c@table=\count320
\abovecaptionskip=\skip57
\belowcaptionskip=\skip58
)
(/usr/share/texlive/texmf-dist/tex/latex/beamer/beamerbasenavigation.sty
(/usr/share/texlive/texmf-dist/tex/latex/beamer/beamerbasenavigationsymbols.tex
)
\beamer@section@min@dim=\dimen282
) (/usr/share/texlive/texmf-dist/tex/latex/beamer/beamerbasetheorems.sty
(/usr/share/texlive/texmf-dist/tex/latex/amsmath/amsmath.sty
Package: amsmath 2022/04/08 v2.17n AMS math features
\@mathmargin=\skip59

For additional information on amsmath, use the `?' option.
(/usr/share/texlive/texmf-dist/tex/latex/amsmath/amstext.sty
Package: amstext 2021/08/26 v2.01 AMS text

(/usr/share/texlive/texmf-dist/tex/latex/amsmath/amsgen.sty
File: amsgen.sty 1999/11/30 v2.0 generic functions
\@emptytoks=\toks34
\ex@=\dimen283
))
(/usr/share/texlive/texmf-dist/tex/latex/amsmath/amsbsy.sty
Package: amsbsy 1999/11/29 v1.2d Bold Symbols
\pmbraise@=\dimen284
)
(/usr/share/texlive/texmf-dist/tex/latex/amsmath/amsopn.sty
Package: amsopn 2022/04/08 v2.04 operator names
)
\inf@bad=\count321
LaTeX Info: Redefining \frac on input line 234.
\uproot@=\count322
\leftroot@=\count323
LaTeX Info: Redefining \overline on input line 399.
LaTeX Info: Redefining \colon on input line 410.
\classnum@=\count324
\DOTSCASE@=\count325
LaTeX Info: Redefining \ldots on input line 496.
LaTeX Info: Redefining \dots on input line 499.
LaTeX Info: Redefining \cdots on input line 620.
\Mathstrutbox@=\box74
\strutbox@=\box75
LaTeX Info: Redefining \big on input line 722.
LaTeX Info: Redefining \Big on input line 723.
LaTeX Info: Redefining \bigg on input line 724.
LaTeX Info: Redefining \Bigg on input line 725.
\big@size=\dimen285
LaTeX Font Info:    Redeclaring font encoding OML on input line 743.
LaTeX Font Info:    Redeclaring font encoding OMS on input line 744.
\macc@depth=\count326
LaTeX Info: Redefining \bmod on input line 905.
LaTeX Info: Redefining \pmod on input line 910.
LaTeX Info: Redefining \smash on input line 940.
LaTeX Info: Redefining \relbar on input line 970.
LaTeX Info: Redefining \Relbar on input line 971.
\c@MaxMatrixCols=\count327
\dotsspace@=\muskip17
\c@parentequation=\count328
\dspbrk@lvl=\count329
\tag@help=\toks35
\row@=\count330
\column@=\count331
\maxfields@=\count332
\andhelp@=\toks36
\eqnshift@=\dimen286
\alignsep@=\dimen287
\tagshift@=\dimen288
\tagwidth@=\dimen289
\totwidth@=\dimen290
\lineht@=\dimen291
\@envbody=\toks37
\multlinegap=\skip60
\multlinetaggap=\skip61
\mathdisplay@stack=\toks38
LaTeX Info: Redefining \[ on input line 2953.
LaTeX Info: Redefining \] on input line 2954.
)
(/usr/share/texlive/texmf-dist/tex/latex/amscls/amsthm.sty
Package: amsthm 2020/05/29 v2.20.6
\thm@style=\toks39
\thm@bodyfont=\toks40
\thm@headfont=\toks41
\thm@notefont=\toks42
\thm@headpunct=\toks43
\thm@preskip=\skip62
\thm@postskip=\skip63
\thm@headsep=\skip64
\dth@everypar=\toks44
)
\c@theorem=\count333
)
(/usr/share/texlive/texmf-dist/tex/latex/beamer/beamerbasethemes.sty))
(/usr/share/texlive/texmf-dist/tex/latex/beamer/beamerthemedefault.sty
(/usr/share/texlive/texmf-dist/tex/latex/beamer/beamerfontthemedefault.sty)
(/usr/share/texlive/texmf-dist/tex/latex/beamer/beamercolorthemedefault.sty)
(/usr/share/texlive/texmf-dist/tex/latex/beamer/beamerinnerthemedefault.sty
\beamer@dima=\dimen292
\beamer@dimb=\dimen293
)
(/usr/share/texlive/texmf-dist/tex/latex/beamer/beamerouterthemedefault.sty)))
(/usr/share/texlive/texmf-dist/tex/latex/caption/caption.sty
Package: caption 2023/03/12 v3.6j Customizing captions (AR)

(/usr/share/texlive/texmf-dist/tex/latex/caption/caption3.sty
Package: caption3 2023/03/12 v2.4 caption3 kernel (AR)
\caption@tempdima=\dimen294
\captionmargin=\dimen295
\caption@leftmargin=\dimen296
\caption@rightmargin=\dimen297
\caption@width=\dimen298
\caption@indent=\dimen299
\caption@parindent=\dimen300
\caption@hangindent=\dimen301
Package caption Info: beamer document class detected.

(/usr/share/texlive/texmf-dist/tex/latex/caption/caption-beamer.sto
File: caption-beamer.sto 2022/01/06 v2.0c Adaption of the caption package to th
e beamer document classes (AR)
))
\c@caption@flags=\count334
\c@continuedfloat=\count335
Package caption Info: hyperref package is loaded.
Package caption Info: Hyperref support is turned off
(caption)             because hyperref has stopped early.
)
(/usr/share/texlive/texmf-dist/tex/latex/natbib/natbib.sty
Package: natbib 2010/09/13 8.31b (PWD, AO)
\bibhang=\skip65
\bibsep=\skip66
LaTeX Info: Redefining \cite on input line 694.
\c@NAT@ctr=\count336
)
\sympureletters=\mathgroup6
LaTeX Font Info:    Overwriting symbol font `pureletters' in version `bold'
(Font)                  OT1/mathkerncmss/m/sl --> OT1/mathkerncmss/bx/sl on inp
ut line 8.

(/usr/share/texlive/texmf-dist/tex/latex/tools/bm.sty
Package: bm 2022/01/05 v1.2f Bold Symbol Support (DPC/FMi)
\symboldoperators=\mathgroup7
\symboldletters=\mathgroup8
\symboldsymbols=\mathgroup9
Package bm Info: No bold for \OMX/cmex/m/n, using \pmb.
Package bm Info: No bold for \U/msa/m/n, using \pmb.
Package bm Info: No bold for \U/msb/m/n, using \pmb.
\symboldpureletters=\mathgroup10
LaTeX Font Info:    Redeclaring math alphabet \mathbf on input line 149.
)
(/usr/share/texlive/texmf-dist/tex/latex/mathtools/mathtools.sty
Package: mathtools 2022/06/29 v1.29 mathematical typesetting tools

(/usr/share/texlive/texmf-dist/tex/latex/tools/calc.sty
Package: calc 2017/05/25 v4.3 Infix arithmetic (KKT,FJ)
\calc@Acount=\count337
\calc@Bcount=\count338
\calc@Adimen=\dimen302
\calc@Bdimen=\dimen303
\calc@Askip=\skip67
\calc@Bskip=\skip68
LaTeX Info: Redefining \setlength on input line 80.
LaTeX Info: Redefining \addtolength on input line 81.
\calc@Ccount=\count339
\calc@Cskip=\skip69
)
(/usr/share/texlive/texmf-dist/tex/latex/mathtools/mhsetup.sty
Package: mhsetup 2021/03/18 v1.4 programming setup (MH)
)
\g_MT_multlinerow_int=\count340
\l_MT_multwidth_dim=\dimen304
\origjot=\skip70
\l_MT_shortvdotswithinadjustabove_dim=\dimen305
\l_MT_shortvdotswithinadjustbelow_dim=\dimen306
\l_MT_above_intertext_sep=\dimen307
\l_MT_below_intertext_sep=\dimen308
\l_MT_above_shortintertext_sep=\dimen309
\l_MT_below_shortintertext_sep=\dimen310
\xmathstrut@box=\box76
\xmathstrut@dim=\dimen311
)
(/usr/share/texlive/texmf-dist/tex/latex/cancel/cancel.sty
Package: cancel 2013/04/12 v2.2 Cancel math terms
)
(/usr/share/texlive/texmf-dist/tex/generic/soul/soul.sty
Package: soul 2023-02-18 v3.0 Permit use of UTF-8 characters in soul (HO)

(/usr/share/texlive/texmf-dist/tex/generic/soul/soul-ori.sty
Package: soul-ori 2023-02-18 v3.0 letterspacing/underlining (mf)
\SOUL@word=\toks45
\SOUL@lasttoken=\toks46
\SOUL@syllable=\toks47
\SOUL@cmds=\toks48
\SOUL@buffer=\toks49
\SOUL@token=\toks50
\SOUL@syllgoal=\dimen312
\SOUL@syllwidth=\dimen313
\SOUL@charkern=\dimen314
\SOUL@hyphkern=\dimen315
\SOUL@dimen=\dimen316
\SOUL@dimeni=\dimen317
\SOUL@minus=\count341
\SOUL@comma=\count342
\SOUL@apo=\count343
\SOUL@grave=\count344
\SOUL@spaceskip=\skip71
\SOUL@ttwidth=\dimen318
\SOUL@uldp=\dimen319
\SOUL@ulht=\dimen320
))
(/usr/share/texlive/texmf-dist/tex/latex/algorithms/algorithm.sty
Package: algorithm 2009/08/24 v0.1 Document Style `algorithm' - floating enviro
nment

(/usr/share/texlive/texmf-dist/tex/latex/float/float.sty
Package: float 2001/11/08 v1.3d Float enhancements (AL)
\c@float@type=\count345
\float@exts=\toks51
\float@box=\box77
\@float@everytoks=\toks52
\@floatcapt=\box78
)
(/usr/share/texlive/texmf-dist/tex/latex/base/ifthen.sty
Package: ifthen 2022/04/13 v1.1d Standard LaTeX ifthen package (DPC)
)
\@float@every@algorithm=\toks53
\c@algorithm=\count346
)
(/usr/share/texlive/texmf-dist/tex/latex/algorithmicx/algpseudocode.sty
Package: algpseudocode 

(/usr/share/texlive/texmf-dist/tex/latex/algorithmicx/algorithmicx.sty
Package: algorithmicx 2005/04/27 v1.2 Algorithmicx

Document Style algorithmicx 1.2 - a greatly improved `algorithmic' style
\c@ALG@line=\count347
\c@ALG@rem=\count348
\c@ALG@nested=\count349
\ALG@tlm=\skip72
\ALG@thistlm=\skip73
\c@ALG@Lnr=\count350
\c@ALG@blocknr=\count351
\c@ALG@storecount=\count352
\c@ALG@tmpcounter=\count353
\ALG@tmplength=\skip74
)
Document Style - pseudocode environments for use with the `algorithmicx' style
) (/usr/share/texlive/texmf-dist/tex/latex/beamer/beamerthemeMadrid.sty
(/usr/share/texlive/texmf-dist/tex/latex/beamer/beamercolorthemewhale.sty)
(/usr/share/texlive/texmf-dist/tex/latex/beamer/beamercolorthemeorchid.sty)
(/usr/share/texlive/texmf-dist/tex/latex/beamer/beamerinnerthemerounded.sty)
(/usr/share/texlive/texmf-dist/tex/latex/beamer/beamerouterthemeinfolines.sty))
(/usr/share/texlive/texmf-dist/tex/generic/babel/babel.sty
Package: babel 2023/02/13 3.86 The Babel package
\babel@savecnt=\count354
\U@D=\dimen321
\l@unhyphenated=\language48

(/usr/share/texlive/texmf-dist/tex/generic/babel/txtbabel.def)
\bbl@readstream=\read3
LaTeX Info: Redefining \textlatin on input line 4088.
\bbl@dirlevel=\count355

(/usr/share/texlive/texmf-dist/tex/generic/babel-english/english.ldf
Language: english 2017/06/06 v3.3r English support from the babel system
Package babel Info: Hyphen rules for 'canadian' set to \l@english
(babel)             (\language0). Reported on input line 102.
Package babel Info: Hyphen rules for 'australian' set to \l@ukenglish
(babel)             (\language15). Reported on input line 105.
Package babel Info: Hyphen rules for 'newzealand' set to \l@ukenglish
(babel)             (\language15). Reported on input line 108.
))
(/usr/share/texlive/texmf-dist/tex/generic/babel/locale/en/babel-english.tex
Package babel Info: Importing font and identification data for english
(babel)             from babel-en.ini. Reported on input line 11.
)
(/usr/share/texlive/texmf-dist/tex/latex/base/inputenc.sty
Package: inputenc 2021/02/14 v1.3d Input encoding file
\inpenc@prehook=\toks54
\inpenc@posthook=\toks55

(/usr/share/texlive/texmf-dist/tex/latex/base/latin1.def
File: latin1.def 2021/02/14 v1.3d Input encoding file
))
(/usr/share/texlive/texmf-dist/tex/latex/psnfss/times.sty
Package: times 2020/03/25 PSNFSS-v9.3 (SPQR) 
)
(/usr/share/texlive/texmf-dist/tex/latex/base/fontenc.sty
Package: fontenc 2021/04/29 v2.0v Standard LaTeX package
LaTeX Font Info:    Trying to load font information for T1+phv on input line 11
2.

(/usr/share/texlive/texmf-dist/tex/latex/psnfss/t1phv.fd
File: t1phv.fd 2020/03/25 scalable font definitions for T1/phv.
))
(/usr/share/texlive/texmf-dist/tex/latex/wasysym/wasysym.sty
Package: wasysym 2020/01/19 v2.4 Wasy-2 symbol support package
\symwasy=\mathgroup11
LaTeX Font Info:    Overwriting symbol font `wasy' in version `bold'
(Font)                  U/wasy/m/n --> U/wasy/b/n on input line 93.
)
(/usr/share/texlive/texmf-dist/tex/latex/mathtools/empheq.sty
Package: empheq 2017/03/31 v2.15 Emphasizing equations
\l_EQ_equationtype_int=\count356
\l_EQ_alignmentmode_int=\count357
\l_EQ_totalwidth_dim=\dimen322
\l_EQ_displaywidth_dim=\dimen323
\l_EQ_temp_linewidth_dim=\dimen324
\l_EQ_linewidth_dim=\dimen325
\EmphEqdelimitershortfall=\dimen326
\EmphEqdelimiterfactor=\count358
\g_EQ_toptag_height_dim=\dimen327
\g_EQ_bottomtag_depth_dim=\dimen328
\g_EQ_toprow_height_dim=\dimen329
\g_EQ_bottomrow_depth_dim=\dimen330
\g_EQ_widesttag_dim=\dimen331
\EQ_mathdisplay_box=\box79
\EQ_tag_box=\box80
\g_EQ_temprow_int=\count359
)
\mytemplen=\skip75
\mytempbox=\box81

(/usr/share/texlive/texmf-dist/tex/latex/l3backend/l3backend-pdftex.def
File: l3backend-pdftex.def 2023-01-16 L3 backend support: PDF output (pdfTeX)
\l__color_backend_stack_int=\count360
\l__pdf_internal_box=\box82
)
(./2023-slides-AI_for_everyone.aux)
\openout1 = `2023-slides-AI_for_everyone.aux'.

LaTeX Font Info:    Checking defaults for OML/cmm/m/it on input line 206.
LaTeX Font Info:    ... okay on input line 206.
LaTeX Font Info:    Checking defaults for OMS/cmsy/m/n on input line 206.
LaTeX Font Info:    ... okay on input line 206.
LaTeX Font Info:    Checking defaults for OT1/cmr/m/n on input line 206.
LaTeX Font Info:    ... okay on input line 206.
LaTeX Font Info:    Checking defaults for T1/cmr/m/n on input line 206.
LaTeX Font Info:    ... okay on input line 206.
LaTeX Font Info:    Checking defaults for TS1/cmr/m/n on input line 206.
LaTeX Font Info:    ... okay on input line 206.
LaTeX Font Info:    Checking defaults for OMX/cmex/m/n on input line 206.
LaTeX Font Info:    ... okay on input line 206.
LaTeX Font Info:    Checking defaults for U/cmr/m/n on input line 206.
LaTeX Font Info:    ... okay on input line 206.
LaTeX Font Info:    Checking defaults for PD1/pdf/m/n on input line 206.
LaTeX Font Info:    ... okay on input line 206.
LaTeX Font Info:    Checking defaults for PU/pdf/m/n on input line 206.
LaTeX Font Info:    ... okay on input line 206.

*geometry* driver: auto-detecting
*geometry* detected driver: pdftex
*geometry* verbose mode - [ preamble ] result:
* driver: pdftex
* paper: custom
* layout: <same size as paper>
* layoutoffset:(h,v)=(0.0pt,0.0pt)
* modes: includehead includefoot 
* h-part:(L,W,R)=(10.95003pt, 342.2953pt, 10.95003pt)
* v-part:(T,H,B)=(0.0pt, 273.14662pt, 0.0pt)
* \paperwidth=364.19536pt
* \paperheight=273.14662pt
* \textwidth=342.2953pt
* \textheight=244.6939pt
* \oddsidemargin=-61.31996pt
* \evensidemargin=-61.31996pt
* \topmargin=-72.26999pt
* \headheight=14.22636pt
* \headsep=0.0pt
* \topskip=11.0pt
* \footskip=14.22636pt
* \marginparwidth=4.0pt
* \marginparsep=10.0pt
* \columnsep=10.0pt
* \skip\footins=10.0pt plus 4.0pt minus 2.0pt
* \hoffset=0.0pt
* \voffset=0.0pt
* \mag=1000
* \@twocolumnfalse
* \@twosidefalse
* \@mparswitchfalse
* \@reversemarginfalse
* (1in=72.27pt=25.4mm, 1cm=28.453pt)

(/usr/share/texlive/texmf-dist/tex/context/base/mkii/supp-pdf.mkii
[Loading MPS to PDF converter (version 2006.09.02).]
\scratchcounter=\count361
\scratchdimen=\dimen332
\scratchbox=\box83
\nofMPsegments=\count362
\nofMParguments=\count363
\everyMPshowfont=\toks56
\MPscratchCnt=\count364
\MPscratchDim=\dimen333
\MPnumerator=\count365
\makeMPintoPDFobject=\count366
\everyMPtoPDFconversion=\toks57
) (/usr/share/texlive/texmf-dist/tex/latex/epstopdf-pkg/epstopdf-base.sty
Package: epstopdf-base 2020-01-24 v2.11 Base part for package epstopdf
Package epstopdf-base Info: Redefining graphics rule for `.eps' on input line 4
85.

(/usr/share/texlive/texmf-dist/tex/latex/latexconfig/epstopdf-sys.cfg
File: epstopdf-sys.cfg 2010/07/13 v1.3 Configuration of (r)epstopdf for TeX Liv
e
))
Package hyperref Info: Link coloring OFF on input line 206.

(./2023-slides-AI_for_everyone.out) (./2023-slides-AI_for_everyone.out)
\@outlinefile=\write5
\openout5 = `2023-slides-AI_for_everyone.out'.

LaTeX Font Info:    Overwriting symbol font `operators' in version `normal'
(Font)                  OT1/cmr/m/n --> OT1/cmss/m/n on input line 206.
LaTeX Font Info:    Overwriting symbol font `operators' in version `bold'
(Font)                  OT1/cmr/bx/n --> OT1/cmss/b/n on input line 206.
\symnumbers=\mathgroup12
LaTeX Font Info:    Redeclaring symbol font `pureletters' on input line 206.
LaTeX Font Info:    Encoding `OT1' has changed to `T1' for symbol font
(Font)              `pureletters' in the math version `normal' on input line 20
6.
LaTeX Font Info:    Overwriting symbol font `pureletters' in version `normal'
(Font)                  OT1/mathkerncmss/m/sl --> T1/phv/m/it on input line 206
.
LaTeX Font Info:    Encoding `OT1' has changed to `T1' for symbol font
(Font)              `pureletters' in the math version `bold' on input line 206.

LaTeX Font Info:    Overwriting symbol font `pureletters' in version `bold'
(Font)                  OT1/mathkerncmss/bx/sl --> T1/phv/m/it on input line 20
6.
LaTeX Font Info:    Overwriting math alphabet `\mathrm' in version `normal'
(Font)                  OT1/cmss/m/n --> T1/ptm/m/n on input line 206.
LaTeX Font Info:    Redeclaring math alphabet \mathbf on input line 206.
LaTeX Font Info:    Redeclaring math alphabet \mathsf on input line 206.
LaTeX Font Info:    Overwriting math alphabet `\mathsf' in version `normal'
(Font)                  OT1/cmss/m/n --> T1/phv/m/n on input line 206.
LaTeX Font Info:    Overwriting math alphabet `\mathsf' in version `bold'
(Font)                  OT1/cmss/bx/n --> T1/phv/m/n on input line 206.
LaTeX Font Info:    Redeclaring math alphabet \mathit on input line 206.
LaTeX Font Info:    Overwriting math alphabet `\mathit' in version `normal'
(Font)                  OT1/cmr/m/it --> T1/phv/m/it on input line 206.
LaTeX Font Info:    Overwriting math alphabet `\mathit' in version `bold'
(Font)                  OT1/cmr/bx/it --> T1/phv/m/it on input line 206.
LaTeX Font Info:    Redeclaring math alphabet \mathtt on input line 206.
LaTeX Font Info:    Overwriting math alphabet `\mathtt' in version `normal'
(Font)                  OT1/cmtt/m/n --> T1/pcr/m/n on input line 206.
LaTeX Font Info:    Overwriting math alphabet `\mathtt' in version `bold'
(Font)                  OT1/cmtt/m/n --> T1/pcr/m/n on input line 206.
LaTeX Font Info:    Overwriting symbol font `numbers' in version `bold'
(Font)                  T1/phv/m/n --> T1/phv/b/n on input line 206.
LaTeX Font Info:    Overwriting symbol font `pureletters' in version `bold'
(Font)                  T1/phv/m/it --> T1/phv/b/it on input line 206.
LaTeX Font Info:    Overwriting math alphabet `\mathrm' in version `bold'
(Font)                  OT1/cmss/b/n --> T1/ptm/b/n on input line 206.
LaTeX Font Info:    Overwriting math alphabet `\mathbf' in version `bold'
(Font)                  T1/phv/b/n --> T1/phv/b/n on input line 206.
LaTeX Font Info:    Overwriting math alphabet `\mathsf' in version `bold'
(Font)                  T1/phv/m/n --> T1/phv/b/n on input line 206.
LaTeX Font Info:    Overwriting math alphabet `\mathit' in version `bold'
(Font)                  T1/phv/m/it --> T1/phv/b/it on input line 206.
LaTeX Font Info:    Overwriting math alphabet `\mathtt' in version `bold'
(Font)                  T1/pcr/m/n --> T1/pcr/b/n on input line 206.
LaTeX Font Info:    Redeclaring symbol font `boldpureletters' on input line 206
.
LaTeX Font Info:    Encoding `OT1' has changed to `T1' for symbol font
(Font)              `boldpureletters' in the math version `normal' on input lin
e 206.
LaTeX Font Info:    Overwriting symbol font `boldpureletters' in version `norma
l'
(Font)                  OT1/mathkerncmss/bx/sl --> T1/phv/bx/it on input line 2
06.
LaTeX Font Info:    Encoding `OT1' has changed to `T1' for symbol font
(Font)              `boldpureletters' in the math version `bold' on input line 
206.
LaTeX Font Info:    Overwriting symbol font `boldpureletters' in version `bold'

(Font)                  OT1/mathkerncmss/bx/sl --> T1/phv/bx/it on input line 2
06.

(/usr/share/texlive/texmf-dist/tex/latex/translator/translator-basic-dictionary
-English.dict
Dictionary: translator-basic-dictionary, Language: English 
)
(/usr/share/texlive/texmf-dist/tex/latex/translator/translator-bibliography-dic
tionary-English.dict
Dictionary: translator-bibliography-dictionary, Language: English 
)
(/usr/share/texlive/texmf-dist/tex/latex/translator/translator-environment-dict
ionary-English.dict
Dictionary: translator-environment-dictionary, Language: English 
)
(/usr/share/texlive/texmf-dist/tex/latex/translator/translator-months-dictionar
y-English.dict
Dictionary: translator-months-dictionary, Language: English 
)
(/usr/share/texlive/texmf-dist/tex/latex/translator/translator-numbers-dictiona
ry-English.dict
Dictionary: translator-numbers-dictionary, Language: English 
)
(/usr/share/texlive/texmf-dist/tex/latex/translator/translator-theorem-dictiona
ry-English.dict
Dictionary: translator-theorem-dictionary, Language: English 
)
Package caption Info: Begin \AtBeginDocument code.
Package caption Info: float package is loaded.
Package caption Info: End \AtBeginDocument code.
 (./2023-slides-AI_for_everyone.nav)
LaTeX Font Info:    Font shape `T1/phv/b/it' in size <14.4> not available
(Font)              Font shape `T1/phv/b/sl' tried instead on input line 210.
LaTeX Font Info:    Font shape `T1/phv/m/it' in size <10.95> not available
(Font)              Font shape `T1/phv/m/sl' tried instead on input line 210.
 [1

{/var/lib/texmf/fonts/map/pdftex/updmap/pdftex.map}{/usr/share/texlive/texmf-di
st/fonts/enc/dvips/base/8r.enc} <./logo-mcu.jpeg>] (./2023-slides-AI_for_everyo
ne.toc) [2

]
(./2023-slides-AI_for_everyone.toc) [3

]
<AI-value-creation.png, id=204, 1442.38875pt x 442.65375pt>
File: AI-value-creation.png Graphic file (type png)
<use AI-value-creation.png>
Package pdftex.def Info: AI-value-creation.png  used on input line 250.
(pdftex.def)             Requested size: 324.54547pt x 99.59953pt.
LaTeX Font Info:    Trying to load font information for U+msa on input line 250
.

(/usr/share/texlive/texmf-dist/tex/latex/amsfonts/umsa.fd
File: umsa.fd 2013/01/14 v3.01 AMS symbols A
)
LaTeX Font Info:    Trying to load font information for U+msb on input line 250
.

(/usr/share/texlive/texmf-dist/tex/latex/amsfonts/umsb.fd
File: umsb.fd 2013/01/14 v3.01 AMS symbols B
)
LaTeX Font Info:    Font shape `T1/phv/m/it' in size <8> not available
(Font)              Font shape `T1/phv/m/sl' tried instead on input line 250.
LaTeX Font Info:    Font shape `T1/phv/m/it' in size <6> not available
(Font)              Font shape `T1/phv/m/sl' tried instead on input line 250.
LaTeX Font Info:    Font shape `T1/phv/bx/it' in size <10.95> not available
(Font)              Font shape `T1/phv/b/it' tried instead on input line 250.
LaTeX Font Info:    Font shape `T1/phv/b/it' in size <10.95> not available
(Font)              Font shape `T1/phv/b/sl' tried instead on input line 250.
LaTeX Font Info:    Font shape `T1/phv/bx/it' in size <8> not available
(Font)              Font shape `T1/phv/b/it' tried instead on input line 250.
LaTeX Font Info:    Font shape `T1/phv/b/it' in size <8> not available
(Font)              Font shape `T1/phv/b/sl' tried instead on input line 250.
LaTeX Font Info:    Font shape `T1/phv/bx/it' in size <6> not available
(Font)              Font shape `T1/phv/b/it' tried instead on input line 250.
LaTeX Font Info:    Font shape `T1/phv/b/it' in size <6> not available
(Font)              Font shape `T1/phv/b/sl' tried instead on input line 250.
LaTeX Font Info:    Trying to load font information for U+wasy on input line 25
0.

(/usr/share/texlive/texmf-dist/tex/latex/wasysym/uwasy.fd
File: uwasy.fd 2020/01/19 v2.4 Wasy-2 symbol font definitions
) [4

 <./AI-value-creation.png>] [5

] [6

]
<ex-machina.jpg, id=299, 676.5275pt x 1003.75pt>
File: ex-machina.jpg Graphic file (type jpg)
<use ex-machina.jpg>
Package pdftex.def Info: ex-machina.jpg  used on input line 264.
(pdftex.def)             Requested size: 84.56572pt x 125.46844pt.
<upgrade.jpg, id=300, 676.5275pt x 1003.75pt>
File: upgrade.jpg Graphic file (type jpg)
<use upgrade.jpg>
Package pdftex.def Info: upgrade.jpg  used on input line 264.
(pdftex.def)             Requested size: 84.56572pt x 125.46844pt.
 [7

 <./ex-machina.jpg> <./upgrade.jpg>]
(./2023-slides-AI_for_everyone.toc) [8

]
Overfull \hbox (21.90005pt too wide) in paragraph at lines 277--277
[][]
 []


Underfull \hbox (badness 10000) in paragraph at lines 277--277

 []

[9

]
Overfull \hbox (21.90005pt too wide) in paragraph at lines 277--277
[][]
 []


Underfull \hbox (badness 10000) in paragraph at lines 277--277

 []

[10

]
Overfull \hbox (21.90005pt too wide) in paragraph at lines 277--277
[][]
 []


Underfull \hbox (badness 10000) in paragraph at lines 277--277

 []

[11

]
<images/programming-with-without-ml.png, id=458, 1325.95375pt x 669.50125pt>
File: images/programming-with-without-ml.png Graphic file (type png)
<use images/programming-with-without-ml.png>
Package pdftex.def Info: images/programming-with-without-ml.png  used on input 
line 277.
(pdftex.def)             Requested size: 238.66138pt x 120.50502pt.

Overfull \hbox (21.90005pt too wide) in paragraph at lines 277--277
[][]
 []


Underfull \hbox (badness 10000) in paragraph at lines 277--277

 []

[12

 <./images/programming-with-without-ml.png>] [13

] [14

] [15

] [16

] [17

]
[18

]
LaTeX Font Info:    Font shape `T1/phv/b/it' in size <10.95> not available
(Font)              Font shape `T1/phv/b/sl' tried instead on input line 306.
 [19

] [20

] [21

] [22

] [23

] [24

] [25

] [26

] [27

]
Overfull \hbox (9.87114pt too wide) in paragraph at lines 342--342
 [] 
 []

[28

]
Overfull \hbox (9.87114pt too wide) in paragraph at lines 342--342
 [] 
 []

[29

]
Overfull \hbox (9.87114pt too wide) in paragraph at lines 342--342
 [] 
 []

[30

]
Overfull \hbox (9.87114pt too wide) in paragraph at lines 342--342
 [] 
 []

[31

]
Overfull \hbox (9.87114pt too wide) in paragraph at lines 342--342
 [] 
 []

[32

]
Overfull \hbox (9.87114pt too wide) in paragraph at lines 342--342
 [] 
 []

[33

]
Overfull \hbox (9.87114pt too wide) in paragraph at lines 342--342
 [] 
 []

[34

]
<big-data.png, id=1129, 1247.66125pt x 558.085pt>
File: big-data.png Graphic file (type png)
<use big-data.png>
Package pdftex.def Info: big-data.png  used on input line 351.
(pdftex.def)             Requested size: 311.91455pt x 139.5209pt.
 [35

 <./big-data.png>] (./2023-slides-AI_for_everyone.toc) [36

]
<example-dataset-2.png, id=1198, 634.37pt x 514.92375pt>
File: example-dataset-2.png Graphic file (type png)
<use example-dataset-2.png>
Package pdftex.def Info: example-dataset-2.png  used on input line 361.
(pdftex.def)             Requested size: 190.31245pt x 154.4783pt.
 [37

 <./example-dataset-2.png>]
<example-dataset-1.png, id=1231, 627.34375pt x 510.90875pt>
File: example-dataset-1.png Graphic file (type png)
<use example-dataset-1.png>
Package pdftex.def Info: example-dataset-1.png  used on input line 371.
(pdftex.def)             Requested size: 188.20457pt x 153.2738pt.
 [38

 <./example-dataset-1.png>]
<example-dataset-3.png, id=1264, 369.38pt x 537.00626pt>
File: example-dataset-3.png Graphic file (type png)
<use example-dataset-3.png>
Package pdftex.def Info: example-dataset-3.png  used on input line 380.
(pdftex.def)             Requested size: 110.81485pt x 161.10312pt.
 [39

 <./example-dataset-3.png>]
<manual-labeling.png, id=1296, 1000.73875pt x 124.465pt>
File: manual-labeling.png Graphic file (type png)
<use manual-labeling.png>
Package pdftex.def Info: manual-labeling.png  used on input line 395.
(pdftex.def)             Requested size: 300.22394pt x 37.33978pt.
<observing-behaviors.png, id=1297, 835.12pt x 194.7275pt>
File: observing-behaviors.png Graphic file (type png)
<use observing-behaviors.png>
Package pdftex.def Info: observing-behaviors.png  used on input line 395.
(pdftex.def)             Requested size: 292.29637pt x 68.15564pt.
 [40

 <./manual-labeling.png> <./observing-behaviors.png>]
File: manual-labeling.png Graphic file (type png)
<use manual-labeling.png>
Package pdftex.def Info: manual-labeling.png  used on input line 395.
(pdftex.def)             Requested size: 300.22394pt x 37.33978pt.
File: observing-behaviors.png Graphic file (type png)
<use observing-behaviors.png>
Package pdftex.def Info: observing-behaviors.png  used on input line 395.
(pdftex.def)             Requested size: 292.29637pt x 68.15564pt.
 [41

]
File: manual-labeling.png Graphic file (type png)
<use manual-labeling.png>
Package pdftex.def Info: manual-labeling.png  used on input line 395.
(pdftex.def)             Requested size: 300.22394pt x 37.33978pt.
File: observing-behaviors.png Graphic file (type png)
<use observing-behaviors.png>
Package pdftex.def Info: observing-behaviors.png  used on input line 395.
(pdftex.def)             Requested size: 292.29637pt x 68.15564pt.
 [42

]
File: manual-labeling.png Graphic file (type png)
<use manual-labeling.png>
Package pdftex.def Info: manual-labeling.png  used on input line 395.
(pdftex.def)             Requested size: 300.22394pt x 37.33978pt.
File: observing-behaviors.png Graphic file (type png)
<use observing-behaviors.png>
Package pdftex.def Info: observing-behaviors.png  used on input line 395.
(pdftex.def)             Requested size: 292.29637pt x 68.15564pt.
 [43

]
<data-problems.png, id=1422, 639.38875pt x 350.30875pt>
File: data-problems.png Graphic file (type png)
<use data-problems.png>
Package pdftex.def Info: data-problems.png  used on input line 407.
(pdftex.def)             Requested size: 191.8181pt x 105.09343pt.

[44

 <./data-problems.png>]
File: data-problems.png Graphic file (type png)
<use data-problems.png>
Package pdftex.def Info: data-problems.png  used on input line 407.
(pdftex.def)             Requested size: 191.8181pt x 105.09343pt.
 [45

]
File: data-problems.png Graphic file (type png)
<use data-problems.png>
Package pdftex.def Info: data-problems.png  used on input line 407.
(pdftex.def)             Requested size: 191.8181pt x 105.09343pt.
 [46

]
File: data-problems.png Graphic file (type png)
<use data-problems.png>
Package pdftex.def Info: data-problems.png  used on input line 407.
(pdftex.def)             Requested size: 191.8181pt x 105.09343pt.
 [47

] (./2023-slides-AI_for_everyone.toc)
[48

]
<diagram-venn-deep-learning.png, id=1574, 604.2575pt x 425.59pt>
File: diagram-venn-deep-learning.png Graphic file (type png)
<use diagram-venn-deep-learning.png>
Package pdftex.def Info: diagram-venn-deep-learning.png  used on input line 416
.
(pdftex.def)             Requested size: 271.91336pt x 191.51372pt.
 [49

 <./diagram-venn-deep-learning.png (PNG copy)>]
<ml-vs-ds.png, id=1606, 1022.82124pt x 420.57124pt>
File: ml-vs-ds.png Graphic file (type png)
<use ml-vs-ds.png>
Package pdftex.def Info: ml-vs-ds.png  used on input line 432.
(pdftex.def)             Requested size: 255.70468pt x 105.14255pt.
 [50

 <./ml-vs-ds.png>]
File: ml-vs-ds.png Graphic file (type png)
<use ml-vs-ds.png>
Package pdftex.def Info: ml-vs-ds.png  used on input line 432.
(pdftex.def)             Requested size: 255.70468pt x 105.14255pt.

[51

]
File: ml-vs-ds.png Graphic file (type png)
<use ml-vs-ds.png>
Package pdftex.def Info: ml-vs-ds.png  used on input line 432.
(pdftex.def)             Requested size: 255.70468pt x 105.14255pt.
 [52

] [53

] [54

] [55

] (./2023-slides-AI_for_everyone.toc) [56

]
File: ml-vs-ds.png Graphic file (type png)
<use ml-vs-ds.png>
Package pdftex.def Info: ml-vs-ds.png  used on input line 457.
(pdftex.def)             Requested size: 255.70468pt x 105.14255pt.
 [57

]
<deep-learning.png, id=1847, 1201.48875pt x 538.01pt>
File: deep-learning.png Graphic file (type png)
<use deep-learning.png>
Package pdftex.def Info: deep-learning.png  used on input line 463.
(pdftex.def)             Requested size: 330.40126pt x 147.9491pt.
 [58

 <./deep-learning.png>]
<images/brain-neurons.png, id=1878, 752.8125pt x 430.60875pt>
File: images/brain-neurons.png Graphic file (type png)
<use images/brain-neurons.png>
Package pdftex.def Info: images/brain-neurons.png  used on input line 471.
(pdftex.def)             Requested size: 301.11966pt x 172.24043pt.
 [59

 <./images/brain-neurons.png>]
<deep-learning-2.png, id=1908, 1411.2725pt x 700.6175pt>
File: deep-learning-2.png Graphic file (type png)
<use deep-learning-2.png>
Package pdftex.def Info: deep-learning-2.png  used on input line 477.
(pdftex.def)             Requested size: 338.71233pt x 168.15163pt.
 [60

 <./deep-learning-2.png>] (./2023-slides-AI_for_everyone.toc) [61

]
<demand-prediction.png, id=1976, 760.8425pt x 559.08875pt>
File: demand-prediction.png Graphic file (type png)
<use demand-prediction.png>
Package pdftex.def Info: demand-prediction.png  used on input line 491.
(pdftex.def)             Requested size: 171.19379pt x 125.79807pt.
<t-shirt.jpg, id=1977, 617.30624pt x 616.3025pt>
File: t-shirt.jpg Graphic file (type jpg)
<use t-shirt.jpg>
Package pdftex.def Info: t-shirt.jpg  used on input line 491.
(pdftex.def)             Requested size: 138.89732pt x 138.67148pt.

Overfull \hbox (1.9813pt too wide) in paragraph at lines 491--491
[][]  
 []

[62

 <./demand-prediction.png> <./t-shirt.jpg>]
<demand-prediction-line.png, id=2008, 1394.20876pt x 561.09625pt>
File: demand-prediction-line.png Graphic file (type png)
<use demand-prediction-line.png>
Package pdftex.def Info: demand-prediction-line.png  used on input line 496.
(pdftex.def)             Requested size: 313.70471pt x 126.24977pt.
 [63

 <./demand-prediction-line.png>]
<demand-prediction-nn-0.png, id=2038, 1148.29pt x 503.8825pt>
File: demand-prediction-nn-0.png Graphic file (type png)
<use demand-prediction-nn-0.png>
Package pdftex.def Info: demand-prediction-nn-0.png  used on input line 501.
(pdftex.def)             Requested size: 315.77196pt x 138.56427pt.
 [64

 <./demand-prediction-nn-0.png>]
<demand-prediction-nn.png, id=2068, 1148.29pt x 503.8825pt>
File: demand-prediction-nn.png Graphic file (type png)
<use demand-prediction-nn.png>
Package pdftex.def Info: demand-prediction-nn.png  used on input line 506.
(pdftex.def)             Requested size: 315.77196pt x 138.56427pt.
 [65

 <./demand-prediction-nn.png>]
<demand-prediction-nn-2.png, id=2099, 1214.5375pt x 613.29124pt>
File: demand-prediction-nn-2.png Graphic file (type png)
<use demand-prediction-nn-2.png>
Package pdftex.def Info: demand-prediction-nn-2.png  used on input line 513.
(pdftex.def)             Requested size: 333.98958pt x 168.65092pt.

[66

 <./demand-prediction-nn-2.png>]
<demand-prediction-nn-3.png, id=2129, 1216.545pt x 602.25pt>
File: demand-prediction-nn-3.png Graphic file (type png)
<use demand-prediction-nn-3.png>
Package pdftex.def Info: demand-prediction-nn-3.png  used on input line 518.
(pdftex.def)             Requested size: 334.54163pt x 165.61465pt.
 [67

 <./demand-prediction-nn-3.png>]
<face-recognition-intro.png, id=2160, 1359.0775pt x 654.445pt>
File: face-recognition-intro.png Graphic file (type png)
<use face-recognition-intro.png>
Package pdftex.def Info: face-recognition-intro.png  used on input line 529.
(pdftex.def)             Requested size: 339.76854pt x 163.61084pt.

[68

 <./face-recognition-intro.png>]
<face-recognition-intro-2.png, id=2191, 1289.81876pt x 623.32875pt>
File: face-recognition-intro-2.png Graphic file (type png)
<use face-recognition-intro-2.png>
Package pdftex.def Info: face-recognition-intro-2.png  used on input line 534.
(pdftex.def)             Requested size: 322.4539pt x 155.8318pt.
 [69

 <./face-recognition-intro-2.png>]
<face-recognition-intro-3.png, id=2222, 1488.56125pt x 652.4375pt>
File: face-recognition-intro-3.png Graphic file (type png)
<use face-recognition-intro-3.png>
Package pdftex.def Info: face-recognition-intro-3.png  used on input line 539.
(pdftex.def)             Requested size: 334.93454pt x 146.80205pt.

[70

 <./face-recognition-intro-3.png>] [71

] (./2023-slides-AI_for_everyone.toc)
[72

]
<what-ML-can-do.png, id=2320, 945.5325pt x 459.7175pt>
File: what-ML-can-do.png Graphic file (type png)
<use what-ML-can-do.png>
Package pdftex.def Info: what-ML-can-do.png  used on input line 554.
(pdftex.def)             Requested size: 283.66194pt x 137.9163pt.
 [73

 <./what-ML-can-do.png>]
File: what-ML-can-do.png Graphic file (type png)
<use what-ML-can-do.png>
Package pdftex.def Info: what-ML-can-do.png  used on input line 554.
(pdftex.def)             Requested size: 283.66194pt x 137.9163pt.
 [74

] [75

] [76

] [77

] [78

] [79

] [80

] [81

]
[82

] [83

] [84

] [85

] (./2023-slides-AI_for_everyone.toc) [86

] [87

]
<kiri-can.png, id=2759, 566.115pt x 412.54124pt>
File: kiri-can.png Graphic file (type png)
<use kiri-can.png>
Package pdftex.def Info: kiri-can.png  used on input line 639.
(pdftex.def)             Requested size: 127.37901pt x 92.82407pt.
 [88

 <./kiri-can.png>]
File: kiri-can.png Graphic file (type png)
<use kiri-can.png>
Package pdftex.def Info: kiri-can.png  used on input line 639.
(pdftex.def)             Requested size: 127.37901pt x 92.82407pt.
<kanan-can.png, id=2789, 745.78625pt x 481.8pt>
File: kanan-can.png Graphic file (type png)
<use kanan-can.png>
Package pdftex.def Info: kanan-can.png  used on input line 639.
(pdftex.def)             Requested size: 167.80605pt x 108.40767pt.
 [89

 <./kanan-can.png>]
File: kiri-can.png Graphic file (type png)
<use kiri-can.png>
Package pdftex.def Info: kiri-can.png  used on input line 639.
(pdftex.def)             Requested size: 127.37901pt x 92.82407pt.
File: kanan-can.png Graphic file (type png)
<use kanan-can.png>
Package pdftex.def Info: kanan-can.png  used on input line 639.
(pdftex.def)             Requested size: 167.80605pt x 108.40767pt.
 [90

]
File: kiri-can.png Graphic file (type png)
<use kiri-can.png>
Package pdftex.def Info: kiri-can.png  used on input line 639.
(pdftex.def)             Requested size: 127.37901pt x 92.82407pt.
File: kanan-can.png Graphic file (type png)
<use kanan-can.png>
Package pdftex.def Info: kanan-can.png  used on input line 639.
(pdftex.def)             Requested size: 167.80605pt x 108.40767pt.
 [91

]
<x-ray.png, id=2875, 1410.26875pt x 254.9525pt>
File: x-ray.png Graphic file (type png)
<use x-ray.png>
Package pdftex.def Info: x-ray.png  used on input line 653.
(pdftex.def)             Requested size: 317.3183pt x 57.36572pt.
 [92

 <./x-ray.png>]
File: x-ray.png Graphic file (type png)
<use x-ray.png>
Package pdftex.def Info: x-ray.png  used on input line 653.
(pdftex.def)             Requested size: 317.3183pt x 57.36572pt.
 [93

]
File: x-ray.png Graphic file (type png)
<use x-ray.png>
Package pdftex.def Info: x-ray.png  used on input line 653.
(pdftex.def)             Requested size: 317.3183pt x 57.36572pt.
 [94

] [95

]
[96

] [97

] [98

]
<new-types-of-data.png, id=3078, 1169.36874pt x 231.86626pt>
File: new-types-of-data.png Graphic file (type png)
<use new-types-of-data.png>
Package pdftex.def Info: new-types-of-data.png  used on input line 672.
(pdftex.def)             Requested size: 321.56848pt x 63.76164pt.
 [99

 <./new-types-of-data.png>] [100

] [101

] [102

] [103

]
<potato-chip-sales.png, id=3225, 505.89pt x 441.65pt>
File: potato-chip-sales.png Graphic file (type png)
<use potato-chip-sales.png>
Package pdftex.def Info: potato-chip-sales.png  used on input line 689.
(pdftex.def)             Requested size: 126.47218pt x 110.41222pt.
 [104

 <./potato-chip-sales.png>]
File: potato-chip-sales.png Graphic file (type png)
<use potato-chip-sales.png>
Package pdftex.def Info: potato-chip-sales.png  used on input line 689.
(pdftex.def)             Requested size: 126.47218pt x 110.41222pt.
<potato-chip-sales-2.png, id=3256, 516.93124pt x 449.68pt>
File: potato-chip-sales-2.png Graphic file (type png)
<use potato-chip-sales-2.png>
Package pdftex.def Info: potato-chip-sales-2.png  used on input line 689.
(pdftex.def)             Requested size: 129.23248pt x 112.41972pt.
 [105

 <./potato-chip-sales-2.png>]
<google-cats.png, id=3286, 486.81876pt x 425.59pt>
File: google-cats.png Graphic file (type png)
<use google-cats.png>
Package pdftex.def Info: google-cats.png  used on input line 705.
(pdftex.def)             Requested size: 121.70439pt x 106.39723pt.
 [106

 <./google-cats.png>]
File: google-cats.png Graphic file (type png)
<use google-cats.png>
Package pdftex.def Info: google-cats.png  used on input line 705.
(pdftex.def)             Requested size: 121.70439pt x 106.39723pt.
 [107

] (./2023-slides-AI_for_everyone.toc) [108

]
<image-classification.png, id=3380, 264.99pt x 143.53625pt>
File: image-classification.png Graphic file (type png)
<use image-classification.png>
Package pdftex.def Info: image-classification.png  used on input line 715.
(pdftex.def)             Requested size: 105.99411pt x 57.41347pt.
 [109

 <./image-classification.png>]
<images/face-identification-recognition.jpg, id=3411, 1473.505pt x 837.1275pt>
File: images/face-identification-recognition.jpg Graphic file (type jpg)
<use images/face-identification-recognition.jpg>
Package pdftex.def Info: images/face-identification-recognition.jpg  used on in
put line 726.
(pdftex.def)             Requested size: 341.8444pt x 194.2086pt.

Overfull \vbox (3.63329pt too high) detected at line 726
 []

[110

 <./images/face-identification-recognition.jpg>]
<object-detection-1.png, id=3442, 284.06125pt x 180.675pt>
File: object-detection-1.png Graphic file (type png)
<use object-detection-1.png>
Package pdftex.def Info: object-detection-1.png  used on input line 737.
(pdftex.def)             Requested size: 113.62247pt x 72.2687pt.
 [111

 <./object-detection-1.png>]
File: object-detection-1.png Graphic file (type png)
<use object-detection-1.png>
Package pdftex.def Info: object-detection-1.png  used on input line 737.
(pdftex.def)             Requested size: 113.62247pt x 72.2687pt.
<object-detection-2.png, id=3474, 283.0575pt x 181.67876pt>
File: object-detection-2.png Graphic file (type png)
<use object-detection-2.png>
Package pdftex.def Info: object-detection-2.png  used on input line 737.
(pdftex.def)             Requested size: 113.22098pt x 72.6702pt.
 [112

 <./object-detection-2.png>]
File: object-detection-1.png Graphic file (type png)
<use object-detection-1.png>
Package pdftex.def Info: object-detection-1.png  used on input line 737.
(pdftex.def)             Requested size: 113.62247pt x 72.2687pt.
File: object-detection-2.png Graphic file (type png)
<use object-detection-2.png>
Package pdftex.def Info: object-detection-2.png  used on input line 737.
(pdftex.def)             Requested size: 113.22098pt x 72.6702pt.
<object-detection-3.png, id=3504, 238.8925pt x 183.68625pt>
File: object-detection-3.png Graphic file (type png)
<use object-detection-3.png>
Package pdftex.def Info: object-detection-3.png  used on input line 737.
(pdftex.def)             Requested size: 95.5553pt x 73.47318pt.
 [113

 <./object-detection-3.png>]
File: object-detection-1.png Graphic file (type png)
<use object-detection-1.png>
Package pdftex.def Info: object-detection-1.png  used on input line 750.
(pdftex.def)             Requested size: 113.62247pt x 72.2687pt.
<tracking.png, id=3533, 227.85126pt x 178.6675pt>
File: tracking.png Graphic file (type png)
<use tracking.png>
Package pdftex.def Info: tracking.png  used on input line 750.
(pdftex.def)             Requested size: 91.13889pt x 71.46573pt.

[114

 <./tracking.png>]
File: object-detection-1.png Graphic file (type png)
<use object-detection-1.png>
Package pdftex.def Info: object-detection-1.png  used on input line 750.
(pdftex.def)             Requested size: 113.62247pt x 72.2687pt.
<image-segmentation.png, id=3565, 286.06876pt x 182.6825pt>
File: image-segmentation.png Graphic file (type png)
<use image-segmentation.png>
Package pdftex.def Info: image-segmentation.png  used on input line 750.
(pdftex.def)             Requested size: 114.42546pt x 73.07169pt.
File: tracking.png Graphic file (type png)
<use tracking.png>
Package pdftex.def Info: tracking.png  used on input line 750.
(pdftex.def)             Requested size: 91.13889pt x 71.46573pt.
 [115

 <./image-segmentation.png>]
File: object-detection-1.png Graphic file (type png)
<use object-detection-1.png>
Package pdftex.def Info: object-detection-1.png  used on input line 750.
(pdftex.def)             Requested size: 113.62247pt x 72.2687pt.
File: image-segmentation.png Graphic file (type png)
<use image-segmentation.png>
Package pdftex.def Info: image-segmentation.png  used on input line 750.
(pdftex.def)             Requested size: 114.42546pt x 73.07169pt.
File: tracking.png Graphic file (type png)
<use tracking.png>
Package pdftex.def Info: tracking.png  used on input line 750.
(pdftex.def)             Requested size: 91.13889pt x 71.46573pt.
 [116

]
<images/generating-style.jpg, id=3623, 1660.2025pt x 487.8225pt>
File: images/generating-style.jpg Graphic file (type jpg)
<use images/generating-style.jpg>
Package pdftex.def Info: images/generating-style.jpg  used on input line 761.
(pdftex.def)             Requested size: 332.03462pt x 97.56276pt.
 [117

 <./images/generating-style.jpg>]
<images/gans+text+cv.jpg, id=3653, 1508.63625pt x 651.43375pt>
File: images/gans+text+cv.jpg Graphic file (type jpg)
<use images/gans+text+cv.jpg>
Package pdftex.def Info: images/gans+text+cv.jpg  used on input line 772.
(pdftex.def)             Requested size: 339.45154pt x 146.5762pt.
 [118

 <./images/gans+text+cv.jpg>]
<images/image-recommendation.jpg, id=3683, 628.3475pt x 897.3525pt>
File: images/image-recommendation.jpg Graphic file (type jpg)
<use images/image-recommendation.jpg>
Package pdftex.def Info: images/image-recommendation.jpg  used on input line 78
3.
(pdftex.def)             Requested size: 141.38167pt x 201.90929pt.

Overfull \vbox (13.64447pt too high) detected at line 783
 []

[119

 <./images/image-recommendation.jpg>]
<images/search-engine-1.jpg, id=3715, 1315.91624pt x 237.88875pt>
File: images/search-engine-1.jpg Graphic file (type jpg)
<use images/search-engine-1.jpg>
Package pdftex.def Info: images/search-engine-1.jpg  used on input line 797.
(pdftex.def)             Requested size: 328.97826pt x 59.47203pt.
<images/search-engine-2.jpg, id=3716, 1537.745pt x 483.8075pt>
File: images/search-engine-2.jpg Graphic file (type jpg)
<use images/search-engine-2.jpg>
Package pdftex.def Info: images/search-engine-2.jpg  used on input line 797.
(pdftex.def)             Requested size: 307.54355pt x 96.75978pt.
 [120

 <./images/search-engine-1.jpg> <./images/search-engine-2.jpg>]
<images/search-engine-3.jpg, id=3746, 1591.9475pt x 511.9125pt>
File: images/search-engine-3.jpg Graphic file (type jpg)
<use images/search-engine-3.jpg>
Package pdftex.def Info: images/search-engine-3.jpg  used on input line 806.
(pdftex.def)             Requested size: 358.19702pt x 115.18315pt.

Overfull \hbox (15.90172pt too wide) in paragraph at lines 806--806
 [] 
 []

[121

 <./images/search-engine-3.jpg>]
<images/search-engine-4.jpg, id=3776, 1311.90125pt x 679.53876pt>
File: images/search-engine-4.jpg Graphic file (type jpg)
<use images/search-engine-4.jpg>
Package pdftex.def Info: images/search-engine-4.jpg  used on input line 813.
(pdftex.def)             Requested size: 327.9745pt x 169.88428pt.
 [122

 <./images/search-engine-4.jpg>]
<images/conversational-1.jpg, id=3805, 1130.2225pt x 854.19125pt>
File: images/conversational-1.jpg Graphic file (type jpg)
<use images/conversational-1.jpg>
Package pdftex.def Info: images/conversational-1.jpg  used on input line 822.
(pdftex.def)             Requested size: 254.30634pt x 192.19777pt.

[123

 <./images/conversational-1.jpg>]
<images/text-generation.jpg, id=3835, 1569.865pt x 759.83875pt>
File: images/text-generation.jpg Graphic file (type jpg)
<use images/text-generation.jpg>
Package pdftex.def Info: images/text-generation.jpg  used on input line 833.
(pdftex.def)             Requested size: 313.96744pt x 151.96506pt.
 [124

 <./images/text-generation.jpg>]
LaTeX Font Info:    Font shape `T1/phv/m/it' in size <10> not available
(Font)              Font shape `T1/phv/m/sl' tried instead on input line 853.
LaTeX Font Info:    Font shape `T1/phv/m/it' in size <7> not available
(Font)              Font shape `T1/phv/m/sl' tried instead on input line 853.
LaTeX Font Info:    Font shape `T1/phv/m/it' in size <5> not available
(Font)              Font shape `T1/phv/m/sl' tried instead on input line 853.
LaTeX Font Info:    Font shape `T1/phv/bx/it' in size <10> not available
(Font)              Font shape `T1/phv/b/it' tried instead on input line 853.
LaTeX Font Info:    Font shape `T1/phv/b/it' in size <10> not available
(Font)              Font shape `T1/phv/b/sl' tried instead on input line 853.
LaTeX Font Info:    Font shape `T1/phv/bx/it' in size <7> not available
(Font)              Font shape `T1/phv/b/it' tried instead on input line 853.
LaTeX Font Info:    Font shape `T1/phv/b/it' in size <7> not available
(Font)              Font shape `T1/phv/b/sl' tried instead on input line 853.
LaTeX Font Info:    Font shape `T1/phv/bx/it' in size <5> not available
(Font)              Font shape `T1/phv/b/it' tried instead on input line 853.
LaTeX Font Info:    Font shape `T1/phv/b/it' in size <5> not available
(Font)              Font shape `T1/phv/b/sl' tried instead on input line 853.
<four-stars.png, id=3866, 234.8775pt x 63.23625pt>
File: four-stars.png Graphic file (type png)
<use four-stars.png>
Package pdftex.def Info: four-stars.png  used on input line 853.
(pdftex.def)             Requested size: 58.71922pt x 15.80902pt.
<one-star.png, id=3867, 54.2025pt x 59.22125pt>
File: one-star.png Graphic file (type png)
<use one-star.png>
Package pdftex.def Info: one-star.png  used on input line 853.
(pdftex.def)             Requested size: 13.55058pt x 14.80527pt.

[125

 <./four-stars.png> <./one-star.png>]
File: four-stars.png Graphic file (type png)
<use four-stars.png>
Package pdftex.def Info: four-stars.png  used on input line 853.
(pdftex.def)             Requested size: 58.71922pt x 15.80902pt.
File: one-star.png Graphic file (type png)
<use one-star.png>
Package pdftex.def Info: one-star.png  used on input line 853.
(pdftex.def)             Requested size: 13.55058pt x 14.80527pt.
 [126

]
File: four-stars.png Graphic file (type png)
<use four-stars.png>
Package pdftex.def Info: four-stars.png  used on input line 853.
(pdftex.def)             Requested size: 58.71922pt x 15.80902pt.
File: one-star.png Graphic file (type png)
<use one-star.png>
Package pdftex.def Info: one-star.png  used on input line 853.
(pdftex.def)             Requested size: 13.55058pt x 14.80527pt.
 [127

]
File: four-stars.png Graphic file (type png)
<use four-stars.png>
Package pdftex.def Info: four-stars.png  used on input line 853.
(pdftex.def)             Requested size: 58.71922pt x 15.80902pt.
File: one-star.png Graphic file (type png)
<use one-star.png>
Package pdftex.def Info: one-star.png  used on input line 853.
(pdftex.def)             Requested size: 13.55058pt x 14.80527pt.
 [128

]
File: four-stars.png Graphic file (type png)
<use four-stars.png>
Package pdftex.def Info: four-stars.png  used on input line 853.
(pdftex.def)             Requested size: 58.71922pt x 15.80902pt.
File: one-star.png Graphic file (type png)
<use one-star.png>
Package pdftex.def Info: one-star.png  used on input line 853.
(pdftex.def)             Requested size: 13.55058pt x 14.80527pt.
 [129

]
File: four-stars.png Graphic file (type png)
<use four-stars.png>
Package pdftex.def Info: four-stars.png  used on input line 853.
(pdftex.def)             Requested size: 58.71922pt x 15.80902pt.
File: one-star.png Graphic file (type png)
<use one-star.png>
Package pdftex.def Info: one-star.png  used on input line 853.
(pdftex.def)             Requested size: 13.55058pt x 14.80527pt.
 [130

]
<images/phrase-translation.jpg, id=4041, 1534.73375pt x 272.01625pt>
File: images/phrase-translation.jpg Graphic file (type jpg)
<use images/phrase-translation.jpg>
Package pdftex.def Info: images/phrase-translation.jpg  used on input line 870.

(pdftex.def)             Requested size: 306.94131pt x 54.40228pt.

Overfull \hbox (21.90005pt too wide) in paragraph at lines 870--870
[][]
 []


Underfull \hbox (badness 10000) in paragraph at lines 870--870

 []

[131

 <./images/phrase-translation.jpg>]
<images/edit-distance.jpg, id=4070, 781.92125pt x 290.08376pt>
File: images/edit-distance.jpg Graphic file (type jpg)
<use images/edit-distance.jpg>
Package pdftex.def Info: images/edit-distance.jpg  used on input line 881.
(pdftex.def)             Requested size: 156.38147pt x 58.01572pt.
 [132

 <./images/edit-distance.jpg>]
<speech-1.png, id=4099, 933.4875pt x 270.00874pt>
File: speech-1.png Graphic file (type png)
<use speech-1.png>
Package pdftex.def Info: speech-1.png  used on input line 894.
(pdftex.def)             Requested size: 233.3713pt x 67.50201pt.
<smart-speakers.png, id=4100, 1432.35126pt x 448.67625pt>
File: smart-speakers.png Graphic file (type png)
<use smart-speakers.png>
Package pdftex.def Info: smart-speakers.png  used on input line 894.
(pdftex.def)             Requested size: 286.46518pt x 89.73366pt.

[133

 <./speech-1.png> <./smart-speakers.png>]
File: speech-1.png Graphic file (type png)
<use speech-1.png>
Package pdftex.def Info: speech-1.png  used on input line 894.
(pdftex.def)             Requested size: 233.3713pt x 67.50201pt.
File: smart-speakers.png Graphic file (type png)
<use smart-speakers.png>
Package pdftex.def Info: smart-speakers.png  used on input line 894.
(pdftex.def)             Requested size: 286.46518pt x 89.73366pt.
 [134

]
LaTeX Font Info:    Trying to load font information for T1+pcr on input line 90
7.

(/usr/share/texlive/texmf-dist/tex/latex/psnfss/t1pcr.fd
File: t1pcr.fd 2001/06/04 font definitions for T1/pcr.
) [135

] [136

]
<images/time-series-forecasting.jpg, id=4218, 1391.1975pt x 713.66624pt>
File: images/time-series-forecasting.jpg Graphic file (type jpg)
<use images/time-series-forecasting.jpg>
Package pdftex.def Info: images/time-series-forecasting.jpg  used on input line
 914.
(pdftex.def)             Requested size: 347.79852pt x 178.41612pt.

Overfull \hbox (5.50322pt too wide) in paragraph at lines 914--914
 [] 
 []

[137

 <./images/time-series-forecasting.jpg>] [138

] [139

]
<fourexamples-time-series.png, id=4310, 505.89pt x 312.41719pt>
File: fourexamples-time-series.png Graphic file (type png)
<use fourexamples-time-series.png>
Package pdftex.def Info: fourexamples-time-series.png  used on input line 922.
(pdftex.def)             Requested size: 252.94437pt x 156.2082pt.
 [140

 <./fourexamples-time-series.png>] [141

]
<classical-empl-1.png, id=4369, 505.89pt x 454.69875pt>
File: classical-empl-1.png Graphic file (type png)
<use classical-empl-1.png>
Package pdftex.def Info: classical-empl-1.png  used on input line 930.
(pdftex.def)             Requested size: 202.3524pt x 181.87627pt.
 [142

 <./classical-empl-1.png>] [143

]
<x11-1.png, id=4427, 505.89pt x 429.85594pt>
File: x11-1.png Graphic file (type png)
<use x11-1.png>
Package pdftex.def Info: x11-1.png  used on input line 938.
(pdftex.def)             Requested size: 202.3524pt x 171.93933pt.
 [144

 <./x11-1.png>]
<images/prophet-symbol.png, id=4456, 483.8075pt x 138.5175pt>
File: images/prophet-symbol.png Graphic file (type png)
<use images/prophet-symbol.png>
Package pdftex.def Info: images/prophet-symbol.png  used on input line 948.
(pdftex.def)             Requested size: 120.95157pt x 34.62929pt.
<images/facebook-prophet-model.png, id=4458, 716.6775pt x 445.665pt>
File: images/facebook-prophet-model.png Graphic file (type png)
<use images/facebook-prophet-model.png>
Package pdftex.def Info: images/facebook-prophet-model.png  used on input line 
948.
(pdftex.def)             Requested size: 250.84088pt x 155.98508pt.

Overfull \vbox (7.27982pt too high) detected at line 948
 []

[145

 <./images/prophet-symbol.png (PNG copy)> <./images/facebook-prophet-model.png>
]
<reinforcement-learning.png, id=4490, 1017.8025pt x 498.86375pt>
File: reinforcement-learning.png Graphic file (type png)
<use reinforcement-learning.png>
Package pdftex.def Info: reinforcement-learning.png  used on input line 956.
(pdftex.def)             Requested size: 330.78189pt x 162.1288pt.
 [146

 <./reinforcement-learning.png>]
<reinforcement-learning-2.png, id=4521, 616.3025pt x 422.57875pt>
File: reinforcement-learning-2.png Graphic file (type png)
<use reinforcement-learning-2.png>
Package pdftex.def Info: reinforcement-learning-2.png  used on input line 964.
(pdftex.def)             Requested size: 200.29593pt x 137.33646pt.
 [147

 <./reinforcement-learning-2.png>] [148

]
<GANs.png, id=4587, 1251.67625pt x 321.2pt>
File: GANs.png Graphic file (type png)
<use GANs.png>
Package pdftex.def Info: GANs.png  used on input line 981.
(pdftex.def)             Requested size: 312.91829pt x 80.2998pt.
 [149

 <./GANs.png>] [150

] [151

]
<images/peta-topik-huawei-ai.png, id=4681, 1772.6225pt x 1013.7875pt>
File: images/peta-topik-huawei-ai.png Graphic file (type png)
<use images/peta-topik-huawei-ai.png>
Package pdftex.def Info: images/peta-topik-huawei-ai.png  used on input line 10
15.
(pdftex.def)             Requested size: 319.05829pt x 182.47388pt.
 [152

 <./images/peta-topik-huawei-ai.png>]
LaTeX Font Info:    Font shape `T1/phv/m/it' in size <14.4> not available
(Font)              Font shape `T1/phv/m/sl' tried instead on input line 1031.
 [153

] (./2023-slides-AI_for_everyone.bbl
LaTeX Font Info:    Font shape `T1/phv/m/it' in size <9> not available
(Font)              Font shape `T1/phv/m/sl' tried instead on input line 7.
LaTeX Font Info:    Font shape `T1/phv/bx/it' in size <9> not available
(Font)              Font shape `T1/phv/b/it' tried instead on input line 7.
LaTeX Font Info:    Font shape `T1/phv/b/it' in size <9> not available
(Font)              Font shape `T1/phv/b/sl' tried instead on input line 7.
) [154

] [155


]
<Logo-Maranatha-Untuk-Belakang-02.png, id=4802, 315.42844pt x 127.97812pt>
File: Logo-Maranatha-Untuk-Belakang-02.png Graphic file (type png)
<use Logo-Maranatha-Untuk-Belakang-02.png>
Package pdftex.def Info: Logo-Maranatha-Untuk-Belakang-02.png  used on input li
ne 1085.
(pdftex.def)             Requested size: 157.71382pt x 63.98889pt.
 [156

 <./Logo-Maranatha-Untuk-Belakang-02.png>]
\tf@nav=\write6
\openout6 = `2023-slides-AI_for_everyone.nav'.

\tf@toc=\write7
\openout7 = `2023-slides-AI_for_everyone.toc'.

\tf@snm=\write8
\openout8 = `2023-slides-AI_for_everyone.snm'.

 (./2023-slides-AI_for_everyone.aux)
Package rerunfilecheck Info: File `2023-slides-AI_for_everyone.out' has not cha
nged.
(rerunfilecheck)             Checksum: 718756742501F72EA24A1912E68E0BA4;2181.
 ) 
Here is how much of TeX's memory you used:
 28591 strings out of 477136
 550360 string characters out of 5813391
 1867388 words of memory out of 6000000
 47878 multiletter control sequences out of 15000+600000
 594089 words of font info for 142 fonts, out of 8000000 for 9000
 430 hyphenation exceptions out of 8191
 128i,15n,122p,402b,935s stack positions out of 10000i,1000n,20000p,200000b,200000s
</usr/share/texlive/texmf-dist/fonts/type1/public/amsfonts/cm/cmmi10.pfb></us
r/share/texlive/texmf-dist/fonts/type1/public/amsfonts/cm/cmss10.pfb></usr/shar
e/texlive/texmf-dist/fonts/type1/public/amsfonts/cm/cmsy10.pfb></usr/share/texl
ive/texmf-dist/fonts/type1/public/amsfonts/symbols/msbm10.pfb></usr/share/texli
ve/texmf-dist/fonts/type1/urw/courier/ucrr8a.pfb></usr/share/texlive/texmf-dist
/fonts/type1/urw/helvetic/uhvb8a.pfb></usr/share/texlive/texmf-dist/fonts/type1
/urw/helvetic/uhvbo8a.pfb></usr/share/texlive/texmf-dist/fonts/type1/urw/helvet
ic/uhvr8a.pfb></usr/share/texlive/texmf-dist/fonts/type1/urw/helvetic/uhvro8a.p
fb>
Output written on 2023-slides-AI_for_everyone.pdf (156 pages, 11928756 bytes).
PDF statistics:
 4949 PDF objects out of 5155 (max. 8388607)
 4594 compressed objects within 46 object streams
 343 named destinations out of 1000 (max. 500000)
 547 words of extra memory for PDF output out of 10000 (max. 10000000)

